[0.071s] Invoking command in '/home/danscarryus/InternRos2/MagangBayu24-ROS2/tugas2/build/pubs_and_subs': CMAKE_PREFIX_PATH=${CMAKE_PREFIX_PATH}:/opt/ros/foxy /usr/bin/cmake --build /home/danscarryus/InternRos2/MagangBayu24-ROS2/tugas2/build/pubs_and_subs -- -j4 -l4
[0.101s] [35m[1mScanning dependencies of target listener[0m
[0.115s] [ 16%] [32mBuilding CXX object CMakeFiles/listener.dir/src/subscriber-main.cpp.o[0m
[0.118s] [ 50%] Built target talker2
[0.120s] [ 83%] Built target talker1
[0.908s] [01m[K/home/danscarryus/InternRos2/MagangBayu24-ROS2/tugas2/src/pubs_and_subs/src/subscriber-main.cpp:[m[K In member function ‘[01m[Kvoid MySubscriber::topic_callback(std_msgs::msg::String_<std::allocator<void> >::SharedPtr) const[m[K’:
[0.908s] [01m[K/home/danscarryus/InternRos2/MagangBayu24-ROS2/tugas2/src/pubs_and_subs/src/subscriber-main.cpp:35:5:[m[K [01;31m[Kerror: [m[K‘[01m[Krclcpp::Node::SharedPtr[m[K’ {aka ‘[01m[Kstd::shared_ptr<rclcpp::Node>[m[K’} is not a template
[0.908s]    35 |     [01;31m[Krclcpp[m[K::Node::SharedPtr<rclcpp::Node> const_this = this->shared_from_this();  // Create non-const pointer to the node
[0.908s]       |     [01;31m[K^~~~~~[m[K
[0.909s] [01m[K/home/danscarryus/InternRos2/MagangBayu24-ROS2/tugas2/src/pubs_and_subs/src/subscriber-main.cpp:35:78:[m[K [01;31m[Kerror: [m[Kconversion from ‘[01m[Kshared_ptr<[01;32m[Kconst rclcpp::Node[m[K>[m[K’ to non-scalar type ‘[01m[Kshared_ptr<[01;32m[Krclcpp::Node[m[K>[m[K’ requested
[0.909s]    35 | ::SharedPtr<rclcpp::Node> const_this = [01;31m[Kthis->shared_from_this()[m[K;  // Create non-const pointer to the node
[0.909s]       |                                        [01;31m[K~~~~~~~~~~~~~~~~~~~~~~^~[m[K
[0.909s] 
[0.911s] [01m[K/home/danscarryus/InternRos2/MagangBayu24-ROS2/tugas2/src/pubs_and_subs/src/subscriber-main.cpp:36:58:[m[K [01;31m[Kerror: [m[Kconversion from ‘[01m[Kshared_ptr<[01;32m[Kconst rclcpp::Clock[m[K>[m[K’ to non-scalar type ‘[01m[Kshared_ptr<[01;32m[Krclcpp::Clock[m[K>[m[K’ requested
[0.911s]    36 |     rclcpp::Clock::SharedPtr clock_copy = [01;31m[Kthis->get_clock()[m[K;
[0.911s]       |                                           [01;31m[K~~~~~~~~~~~~~~~^~[m[K
[1.622s] make[2]: *** [CMakeFiles/listener.dir/build.make:63: CMakeFiles/listener.dir/src/subscriber-main.cpp.o] Error 1
[1.622s] make[1]: *** [CMakeFiles/Makefile2:82: CMakeFiles/listener.dir/all] Error 2
[1.622s] make: *** [Makefile:141: all] Error 2
[1.625s] Invoked command in '/home/danscarryus/InternRos2/MagangBayu24-ROS2/tugas2/build/pubs_and_subs' returned '2': CMAKE_PREFIX_PATH=${CMAKE_PREFIX_PATH}:/opt/ros/foxy /usr/bin/cmake --build /home/danscarryus/InternRos2/MagangBayu24-ROS2/tugas2/build/pubs_and_subs -- -j4 -l4
