[0.070s] Invoking command in '/home/danscarryus/InternRos2/MagangBayu24-ROS2/tugas2/build/pubs_and_subs': CMAKE_PREFIX_PATH=${CMAKE_PREFIX_PATH}:/opt/ros/foxy /usr/bin/cmake --build /home/danscarryus/InternRos2/MagangBayu24-ROS2/tugas2/build/pubs_and_subs -- -j4 -l4
[0.101s] [35m[1mScanning dependencies of target listener[0m
[0.125s] [ 33%] Built target talker1
[0.127s] [ 66%] Built target talker2
[0.132s] [ 83%] [32mBuilding CXX object CMakeFiles/listener.dir/src/subscriber-main.cpp.o[0m
[1.002s] [01m[K/home/danscarryus/InternRos2/MagangBayu24-ROS2/tugas2/src/pubs_and_subs/src/subscriber-main.cpp:[m[K In constructor ‘[01m[KMySubscriber::MySubscriber()[m[K’:
[1.002s] [01m[K/home/danscarryus/InternRos2/MagangBayu24-ROS2/tugas2/src/pubs_and_subs/src/subscriber-main.cpp:17:93:[m[K [01;31m[Kerror: [m[Kno match for ‘[01m[Koperator=[m[K’ (operand types are ‘[01m[Kstd::unique_ptr<rclcpp::Subscription<std_msgs::msg::String_<std::allocator<void> > > >[m[K’ and ‘[01m[Kstd::shared_ptr<rclcpp::Subscription<std_msgs::msg::String_<std::allocator<void> > > >[m[K’)
[1.002s]    17 |       "topic_1", 10, std::bind(&MySubscriber::topic_callback_1, this, std::placeholders::_1)[01;31m[K)[m[K;
[1.002s]       |                                                                                             [01;31m[K^[m[K
[1.002s] In file included from [01m[K/usr/include/c++/9/memory:80[m[K,
[1.002s]                  from [01m[K/home/danscarryus/InternRos2/MagangBayu24-ROS2/tugas2/src/pubs_and_subs/src/subscriber-main.cpp:1[m[K:
[1.002s] [01m[K/usr/include/c++/9/bits/unique_ptr.h:305:7:[m[K [01;36m[Knote: [m[Kcandidate: ‘[01m[Kstd::unique_ptr<_Tp, _Dp>& std::unique_ptr<_Tp, _Dp>::operator=(std::unique_ptr<_Tp, _Dp>&&) [with _Tp = rclcpp::Subscription<std_msgs::msg::String_<std::allocator<void> > >; _Dp = std::default_delete<rclcpp::Subscription<std_msgs::msg::String_<std::allocator<void> > > >][m[K’
[1.002s]   305 |       [01;36m[Koperator[m[K=(unique_ptr&& __u) noexcept
[1.002s]       |       [01;36m[K^~~~~~~~[m[K
[1.002s] [01m[K/usr/include/c++/9/bits/unique_ptr.h:305:30:[m[K [01;36m[Knote: [m[K  no known conversion for argument 1 from ‘[01m[Kstd::shared_ptr<rclcpp::Subscription<std_msgs::msg::String_<std::allocator<void> > > >[m[K’ to ‘[01m[Kstd::unique_ptr<rclcpp::Subscription<std_msgs::msg::String_<std::allocator<void> > > >&&[m[K’
[1.002s]   305 |       operator=([01;36m[Kunique_ptr&& __u[m[K) noexcept
[1.003s]       |                 [01;36m[K~~~~~~~~~~~~~^~~[m[K
[1.003s] [01m[K/usr/include/c++/9/bits/unique_ptr.h:325:2:[m[K [01;36m[Knote: [m[Kcandidate: ‘[01m[Ktemplate<class _Up, class _Ep> typename std::enable_if<std::__and_<std::__and_<std::is_convertible<typename std::unique_ptr<_Up, _Ep>::pointer, typename std::__uniq_ptr_impl<_Tp, _Dp>::pointer>, std::__not_<std::is_array<_Up> > >, std::is_assignable<_T2&, _U2&&> >::value, std::unique_ptr<_Tp, _Dp>&>::type std::unique_ptr<_Tp, _Dp>::operator=(std::unique_ptr<_Up, _Ep>&&) [with _Up = _Up; _Ep = _Ep; _Tp = rclcpp::Subscription<std_msgs::msg::String_<std::allocator<void> > >; _Dp = std::default_delete<rclcpp::Subscription<std_msgs::msg::String_<std::allocator<void> > > >][m[K’
[1.003s]   325 |  [01;36m[Koperator[m[K=(unique_ptr<_Up, _Ep>&& __u) noexcept
[1.003s]       |  [01;36m[K^~~~~~~~[m[K
[1.003s] [01m[K/usr/include/c++/9/bits/unique_ptr.h:325:2:[m[K [01;36m[Knote: [m[K  template argument deduction/substitution failed:
[1.003s] [01m[K/home/danscarryus/InternRos2/MagangBayu24-ROS2/tugas2/src/pubs_and_subs/src/subscriber-main.cpp:17:93:[m[K [01;36m[Knote: [m[K  ‘[01m[Kstd::shared_ptr<rclcpp::Subscription<std_msgs::msg::String_<std::allocator<void> > > >[m[K’ is not derived from ‘[01m[Kstd::unique_ptr<_Tp, _Dp>[m[K’
[1.003s]    17 |       "topic_1", 10, std::bind(&MySubscriber::topic_callback_1, this, std::placeholders::_1)[01;36m[K)[m[K;
[1.003s]       |                                                                                             [01;36m[K^[m[K
[1.003s] In file included from [01m[K/usr/include/c++/9/memory:80[m[K,
[1.003s]                  from [01m[K/home/danscarryus/InternRos2/MagangBayu24-ROS2/tugas2/src/pubs_and_subs/src/subscriber-main.cpp:1[m[K:
[1.003s] [01m[K/usr/include/c++/9/bits/unique_ptr.h:334:7:[m[K [01;36m[Knote: [m[Kcandidate: ‘[01m[Kstd::unique_ptr<_Tp, _Dp>& std::unique_ptr<_Tp, _Dp>::operator=(std::nullptr_t) [with _Tp = rclcpp::Subscription<std_msgs::msg::String_<std::allocator<void> > >; _Dp = std::default_delete<rclcpp::Subscription<std_msgs::msg::String_<std::allocator<void> > > >; std::nullptr_t = std::nullptr_t][m[K’
[1.003s]   334 |       [01;36m[Koperator[m[K=(nullptr_t) noexcept
[1.003s]       |       [01;36m[K^~~~~~~~[m[K
[1.003s] [01m[K/usr/include/c++/9/bits/unique_ptr.h:334:17:[m[K [01;36m[Knote: [m[K  no known conversion for argument 1 from ‘[01m[Kstd::shared_ptr<rclcpp::Subscription<std_msgs::msg::String_<std::allocator<void> > > >[m[K’ to ‘[01m[Kstd::nullptr_t[m[K’
[1.003s]   334 |       operator=([01;36m[Knullptr_t[m[K) noexcept
[1.003s]       |                 [01;36m[K^~~~~~~~~[m[K
[1.003s] [01m[K/home/danscarryus/InternRos2/MagangBayu24-ROS2/tugas2/src/pubs_and_subs/src/subscriber-main.cpp:20:93:[m[K [01;31m[Kerror: [m[Kno match for ‘[01m[Koperator=[m[K’ (operand types are ‘[01m[Kstd::unique_ptr<rclcpp::Subscription<std_msgs::msg::String_<std::allocator<void> > > >[m[K’ and ‘[01m[Kstd::shared_ptr<rclcpp::Subscription<std_msgs::msg::String_<std::allocator<void> > > >[m[K’)
[1.003s]    20 |       "topic_2", 10, std::bind(&MySubscriber::topic_callback_2, this, std::placeholders::_1)[01;31m[K)[m[K;
[1.003s]       |                                                                                             [01;31m[K^[m[K
[1.003s] In file included from [01m[K/usr/include/c++/9/memory:80[m[K,
[1.003s]                  from [01m[K/home/danscarryus/InternRos2/MagangBayu24-ROS2/tugas2/src/pubs_and_subs/src/subscriber-main.cpp:1[m[K:
[1.003s] [01m[K/usr/include/c++/9/bits/unique_ptr.h:305:7:[m[K [01;36m[Knote: [m[Kcandidate: ‘[01m[Kstd::unique_ptr<_Tp, _Dp>& std::unique_ptr<_Tp, _Dp>::operator=(std::unique_ptr<_Tp, _Dp>&&) [with _Tp = rclcpp::Subscription<std_msgs::msg::String_<std::allocator<void> > >; _Dp = std::default_delete<rclcpp::Subscription<std_msgs::msg::String_<std::allocator<void> > > >][m[K’
[1.003s]   305 |       [01;36m[Koperator[m[K=(unique_ptr&& __u) noexcept
[1.003s]       |       [01;36m[K^~~~~~~~[m[K
[1.003s] [01m[K/usr/include/c++/9/bits/unique_ptr.h:305:30:[m[K [01;36m[Knote: [m[K  no known conversion for argument 1 from ‘[01m[Kstd::shared_ptr<rclcpp::Subscription<std_msgs::msg::String_<std::allocator<void> > > >[m[K’ to ‘[01m[Kstd::unique_ptr<rclcpp::Subscription<std_msgs::msg::String_<std::allocator<void> > > >&&[m[K’
[1.003s]   305 |       operator=([01;36m[Kunique_ptr&& __u[m[K) noexcept
[1.003s]       |                 [01;36m[K~~~~~~~~~~~~~^~~[m[K
[1.003s] [01m[K/usr/include/c++/9/bits/unique_ptr.h:325:2:[m[K [01;36m[Knote: [m[Kcandidate: ‘[01m[Ktemplate<class _Up, class _Ep> typename std::enable_if<std::__and_<std::__and_<std::is_convertible<typename std::unique_ptr<_Up, _Ep>::pointer, typename std::__uniq_ptr_impl<_Tp, _Dp>::pointer>, std::__not_<std::is_array<_Up> > >, std::is_assignable<_T2&, _U2&&> >::value, std::unique_ptr<_Tp, _Dp>&>::type std::unique_ptr<_Tp, _Dp>::operator=(std::unique_ptr<_Up, _Ep>&&) [with _Up = _Up; _Ep = _Ep; _Tp = rclcpp::Subscription<std_msgs::msg::String_<std::allocator<void> > >; _Dp = std::default_delete<rclcpp::Subscription<std_msgs::msg::String_<std::allocator<void> > > >][m[K’
[1.003s]   325 |  [01;36m[Koperator[m[K=(unique_ptr<_Up, _Ep>&& __u) noexcept
[1.003s]       |  [01;36m[K^~~~~~~~[m[K
[1.003s] [01m[K/usr/include/c++/9/bits/unique_ptr.h:325:2:[m[K [01;36m[Knote: [m[K  template argument deduction/substitution failed:
[1.003s] [01m[K/home/danscarryus/InternRos2/MagangBayu24-ROS2/tugas2/src/pubs_and_subs/src/subscriber-main.cpp:20:93:[m[K [01;36m[Knote: [m[K  ‘[01m[Kstd::shared_ptr<rclcpp::Subscription<std_msgs::msg::String_<std::allocator<void> > > >[m[K’ is not derived from ‘[01m[Kstd::unique_ptr<_Tp, _Dp>[m[K’
[1.003s]    20 |       "topic_2", 10, std::bind(&MySubscriber::topic_callback_2, this, std::placeholders::_1)[01;36m[K)[m[K;
[1.004s]       |                                                                                             [01;36m[K^[m[K
[1.004s] In file included from [01m[K/usr/include/c++/9/memory:80[m[K,
[1.004s]                  from [01m[K/home/danscarryus/InternRos2/MagangBayu24-ROS2/tugas2/src/pubs_and_subs/src/subscriber-main.cpp:1[m[K:
[1.004s] [01m[K/usr/include/c++/9/bits/unique_ptr.h:334:7:[m[K [01;36m[Knote: [m[Kcandidate: ‘[01m[Kstd::unique_ptr<_Tp, _Dp>& std::unique_ptr<_Tp, _Dp>::operator=(std::nullptr_t) [with _Tp = rclcpp::Subscription<std_msgs::msg::String_<std::allocator<void> > >; _Dp = std::default_delete<rclcpp::Subscription<std_msgs::msg::String_<std::allocator<void> > > >; std::nullptr_t = std::nullptr_t][m[K’
[1.004s]   334 |       [01;36m[Koperator[m[K=(nullptr_t) noexcept
[1.004s]       |       [01;36m[K^~~~~~~~[m[K
[1.004s] [01m[K/usr/include/c++/9/bits/unique_ptr.h:334:17:[m[K [01;36m[Knote: [m[K  no known conversion for argument 1 from ‘[01m[Kstd::shared_ptr<rclcpp::Subscription<std_msgs::msg::String_<std::allocator<void> > > >[m[K’ to ‘[01m[Kstd::nullptr_t[m[K’
[1.004s]   334 |       operator=([01;36m[Knullptr_t[m[K) noexcept
[1.004s]       |                 [01;36m[K^~~~~~~~~[m[K
[1.696s] make[2]: *** [CMakeFiles/listener.dir/build.make:63: CMakeFiles/listener.dir/src/subscriber-main.cpp.o] Error 1
[1.697s] make[1]: *** [CMakeFiles/Makefile2:82: CMakeFiles/listener.dir/all] Error 2
[1.697s] make: *** [Makefile:141: all] Error 2
[1.703s] Invoked command in '/home/danscarryus/InternRos2/MagangBayu24-ROS2/tugas2/build/pubs_and_subs' returned '2': CMAKE_PREFIX_PATH=${CMAKE_PREFIX_PATH}:/opt/ros/foxy /usr/bin/cmake --build /home/danscarryus/InternRos2/MagangBayu24-ROS2/tugas2/build/pubs_and_subs -- -j4 -l4
