[1.014s] DEBUG:colcon:Command line arguments: ['/usr/bin/colcon', 'build', '--packages-select', 'pubs_and_subs']
[1.014s] DEBUG:colcon:Parsed command line arguments: Namespace(allow_overriding=[], ament_cmake_args=None, base_paths=['.'], build_base='build', catkin_cmake_args=None, catkin_skip_building_tests=False, cmake_args=None, cmake_clean_cache=False, cmake_clean_first=False, cmake_force_configure=False, cmake_target=None, cmake_target_skip_unavailable=False, continue_on_error=False, event_handlers=None, executor='parallel', ignore_user_meta=False, install_base='install', log_base=None, log_level=None, main=<bound method BuildVerb.main of <colcon_core.verb.build.BuildVerb object at 0xffffb68f2ca0>>, merge_install=False, metas=['./colcon.meta'], packages_above=None, packages_above_and_dependencies=None, packages_above_depth=None, packages_end=None, packages_ignore=None, packages_ignore_regex=None, packages_select=['pubs_and_subs'], packages_select_build_failed=False, packages_select_by_dep=None, packages_select_regex=None, packages_select_test_failures=False, packages_skip=None, packages_skip_build_finished=False, packages_skip_by_dep=None, packages_skip_regex=None, packages_skip_test_passed=False, packages_skip_up_to=None, packages_start=None, packages_up_to=None, packages_up_to_regex=None, parallel_workers=4, paths=None, symlink_install=False, test_result_base=None, verb_extension=<colcon_core.verb.build.BuildVerb object at 0xffffb68f2ca0>, verb_name='build', verb_parser=<colcon_defaults.argument_parser.defaults.DefaultArgumentsDecorator object at 0xffffb69a9910>)
[1.071s] Level 1:colcon.colcon_core.package_discovery:discover_packages(colcon_meta) check parameters
[1.071s] Level 1:colcon.colcon_core.package_discovery:discover_packages(recursive) check parameters
[1.071s] Level 1:colcon.colcon_core.package_discovery:discover_packages(ignore) check parameters
[1.071s] Level 1:colcon.colcon_core.package_discovery:discover_packages(path) check parameters
[1.071s] Level 1:colcon.colcon_core.package_discovery:discover_packages(colcon_meta) discover
[1.071s] Level 1:colcon.colcon_core.package_discovery:discover_packages(recursive) discover
[1.071s] INFO:colcon.colcon_core.package_discovery:Crawling recursively for packages in '/home/danscarryus/InternRos2/MagangBayu24-ROS2/tugas2'
[1.071s] Level 1:colcon.colcon_core.package_identification:_identify(.) by extensions ['ignore', 'ignore_ament_install']
[1.071s] Level 1:colcon.colcon_core.package_identification:_identify(.) by extension 'ignore'
[1.071s] Level 1:colcon.colcon_core.package_identification:_identify(.) by extension 'ignore_ament_install'
[1.071s] Level 1:colcon.colcon_core.package_identification:_identify(.) by extensions ['colcon_pkg']
[1.071s] Level 1:colcon.colcon_core.package_identification:_identify(.) by extension 'colcon_pkg'
[1.071s] Level 1:colcon.colcon_core.package_identification:_identify(.) by extensions ['colcon_meta']
[1.071s] Level 1:colcon.colcon_core.package_identification:_identify(.) by extension 'colcon_meta'
[1.071s] Level 1:colcon.colcon_core.package_identification:_identify(.) by extensions ['ros']
[1.071s] Level 1:colcon.colcon_core.package_identification:_identify(.) by extension 'ros'
[1.081s] Level 1:colcon.colcon_core.package_identification:_identify(.) by extensions ['cmake', 'python']
[1.081s] Level 1:colcon.colcon_core.package_identification:_identify(.) by extension 'cmake'
[1.081s] Level 1:colcon.colcon_core.package_identification:_identify(.) by extension 'python'
[1.081s] Level 1:colcon.colcon_core.package_identification:_identify(.) by extensions ['python_setup_py']
[1.081s] Level 1:colcon.colcon_core.package_identification:_identify(.) by extension 'python_setup_py'
[1.081s] Level 1:colcon.colcon_core.package_identification:_identify(build) by extensions ['ignore', 'ignore_ament_install']
[1.081s] Level 1:colcon.colcon_core.package_identification:_identify(build) by extension 'ignore'
[1.081s] Level 1:colcon.colcon_core.package_identification:_identify(build) ignored
[1.081s] Level 1:colcon.colcon_core.package_identification:_identify(install) by extensions ['ignore', 'ignore_ament_install']
[1.081s] Level 1:colcon.colcon_core.package_identification:_identify(install) by extension 'ignore'
[1.081s] Level 1:colcon.colcon_core.package_identification:_identify(install) ignored
[1.081s] Level 1:colcon.colcon_core.package_identification:_identify(log) by extensions ['ignore', 'ignore_ament_install']
[1.082s] Level 1:colcon.colcon_core.package_identification:_identify(log) by extension 'ignore'
[1.082s] Level 1:colcon.colcon_core.package_identification:_identify(log) ignored
[1.082s] Level 1:colcon.colcon_core.package_identification:_identify(src) by extensions ['ignore', 'ignore_ament_install']
[1.082s] Level 1:colcon.colcon_core.package_identification:_identify(src) by extension 'ignore'
[1.082s] Level 1:colcon.colcon_core.package_identification:_identify(src) by extension 'ignore_ament_install'
[1.082s] Level 1:colcon.colcon_core.package_identification:_identify(src) by extensions ['colcon_pkg']
[1.082s] Level 1:colcon.colcon_core.package_identification:_identify(src) by extension 'colcon_pkg'
[1.082s] Level 1:colcon.colcon_core.package_identification:_identify(src) by extensions ['colcon_meta']
[1.082s] Level 1:colcon.colcon_core.package_identification:_identify(src) by extension 'colcon_meta'
[1.082s] Level 1:colcon.colcon_core.package_identification:_identify(src) by extensions ['ros']
[1.082s] Level 1:colcon.colcon_core.package_identification:_identify(src) by extension 'ros'
[1.082s] Level 1:colcon.colcon_core.package_identification:_identify(src) by extensions ['cmake', 'python']
[1.082s] Level 1:colcon.colcon_core.package_identification:_identify(src) by extension 'cmake'
[1.082s] Level 1:colcon.colcon_core.package_identification:_identify(src) by extension 'python'
[1.082s] Level 1:colcon.colcon_core.package_identification:_identify(src) by extensions ['python_setup_py']
[1.082s] Level 1:colcon.colcon_core.package_identification:_identify(src) by extension 'python_setup_py'
[1.082s] Level 1:colcon.colcon_core.package_identification:_identify(src/pubs_and_subs) by extensions ['ignore', 'ignore_ament_install']
[1.082s] Level 1:colcon.colcon_core.package_identification:_identify(src/pubs_and_subs) by extension 'ignore'
[1.082s] Level 1:colcon.colcon_core.package_identification:_identify(src/pubs_and_subs) by extension 'ignore_ament_install'
[1.082s] Level 1:colcon.colcon_core.package_identification:_identify(src/pubs_and_subs) by extensions ['colcon_pkg']
[1.082s] Level 1:colcon.colcon_core.package_identification:_identify(src/pubs_and_subs) by extension 'colcon_pkg'
[1.082s] Level 1:colcon.colcon_core.package_identification:_identify(src/pubs_and_subs) by extensions ['colcon_meta']
[1.082s] Level 1:colcon.colcon_core.package_identification:_identify(src/pubs_and_subs) by extension 'colcon_meta'
[1.082s] Level 1:colcon.colcon_core.package_identification:_identify(src/pubs_and_subs) by extensions ['ros']
[1.082s] Level 1:colcon.colcon_core.package_identification:_identify(src/pubs_and_subs) by extension 'ros'
[1.084s] DEBUG:colcon.colcon_core.package_identification:Package 'src/pubs_and_subs' with type 'ros.ament_cmake' and name 'pubs_and_subs'
[1.084s] Level 1:colcon.colcon_core.package_discovery:discover_packages(recursive) using defaults
[1.084s] Level 1:colcon.colcon_core.package_discovery:discover_packages(ignore) discover
[1.084s] Level 1:colcon.colcon_core.package_discovery:discover_packages(ignore) using defaults
[1.084s] Level 1:colcon.colcon_core.package_discovery:discover_packages(path) discover
[1.084s] Level 1:colcon.colcon_core.package_discovery:discover_packages(path) using defaults
[1.237s] Level 1:colcon.colcon_core.package_discovery:discover_packages(prefix_path) check parameters
[1.237s] Level 1:colcon.colcon_core.package_discovery:discover_packages(prefix_path) discover
[1.268s] DEBUG:colcon.colcon_installed_package_information.package_discovery:Found 256 installed packages in /opt/ros/foxy
[1.268s] Level 1:colcon.colcon_core.package_discovery:discover_packages(prefix_path) using defaults
[1.380s] Level 5:colcon.colcon_core.verb:set package 'pubs_and_subs' build argument 'cmake_args' from command line to 'None'
[1.380s] Level 5:colcon.colcon_core.verb:set package 'pubs_and_subs' build argument 'cmake_target' from command line to 'None'
[1.380s] Level 5:colcon.colcon_core.verb:set package 'pubs_and_subs' build argument 'cmake_target_skip_unavailable' from command line to 'False'
[1.380s] Level 5:colcon.colcon_core.verb:set package 'pubs_and_subs' build argument 'cmake_clean_cache' from command line to 'False'
[1.380s] Level 5:colcon.colcon_core.verb:set package 'pubs_and_subs' build argument 'cmake_clean_first' from command line to 'False'
[1.380s] Level 5:colcon.colcon_core.verb:set package 'pubs_and_subs' build argument 'cmake_force_configure' from command line to 'False'
[1.380s] Level 5:colcon.colcon_core.verb:set package 'pubs_and_subs' build argument 'ament_cmake_args' from command line to 'None'
[1.380s] Level 5:colcon.colcon_core.verb:set package 'pubs_and_subs' build argument 'catkin_cmake_args' from command line to 'None'
[1.380s] Level 5:colcon.colcon_core.verb:set package 'pubs_and_subs' build argument 'catkin_skip_building_tests' from command line to 'False'
[1.380s] DEBUG:colcon.colcon_core.verb:Building package 'pubs_and_subs' with the following arguments: {'ament_cmake_args': None, 'build_base': '/home/danscarryus/InternRos2/MagangBayu24-ROS2/tugas2/build/pubs_and_subs', 'catkin_cmake_args': None, 'catkin_skip_building_tests': False, 'cmake_args': None, 'cmake_clean_cache': False, 'cmake_clean_first': False, 'cmake_force_configure': False, 'cmake_target': None, 'cmake_target_skip_unavailable': False, 'install_base': '/home/danscarryus/InternRos2/MagangBayu24-ROS2/tugas2/install/pubs_and_subs', 'merge_install': False, 'path': '/home/danscarryus/InternRos2/MagangBayu24-ROS2/tugas2/src/pubs_and_subs', 'symlink_install': False, 'test_result_base': None}
[1.393s] INFO:colcon.colcon_core.executor:Executing jobs using 'parallel' executor
[1.407s] DEBUG:colcon.colcon_parallel_executor.executor.parallel:run_until_complete
[1.407s] INFO:colcon.colcon_ros.task.ament_cmake.build:Building ROS package in '/home/danscarryus/InternRos2/MagangBayu24-ROS2/tugas2/src/pubs_and_subs' with build type 'ament_cmake'
[1.407s] INFO:colcon.colcon_cmake.task.cmake.build:Building CMake package in '/home/danscarryus/InternRos2/MagangBayu24-ROS2/tugas2/src/pubs_and_subs'
[1.425s] INFO:colcon.colcon_core.plugin_system:Skipping extension 'colcon_core.shell.bat': Not used on non-Windows systems
[1.425s] INFO:colcon.colcon_core.shell:Skip shell extension 'powershell' for command environment: Not usable outside of PowerShell
[1.425s] DEBUG:colcon.colcon_core.shell:Skip shell extension 'dsv' for command environment
[1.460s] DEBUG:colcon.colcon_core.event_handler.log_command:Invoking command in '/home/danscarryus/InternRos2/MagangBayu24-ROS2/tugas2/build/pubs_and_subs': CMAKE_PREFIX_PATH=/opt/ros/foxy /usr/bin/cmake --build /home/danscarryus/InternRos2/MagangBayu24-ROS2/tugas2/build/pubs_and_subs -- -j4 -l4
[7.792s] DEBUG:colcon.colcon_core.event_handler.log_command:Invoked command in '/home/danscarryus/InternRos2/MagangBayu24-ROS2/tugas2/build/pubs_and_subs' returned '2': CMAKE_PREFIX_PATH=/opt/ros/foxy /usr/bin/cmake --build /home/danscarryus/InternRos2/MagangBayu24-ROS2/tugas2/build/pubs_and_subs -- -j4 -l4
[7.986s] Level 1:colcon.colcon_core.environment:create_environment_scripts_only(pubs_and_subs)
[8.063s] Level 1:colcon.colcon_core.environment:checking '/home/danscarryus/InternRos2/MagangBayu24-ROS2/tugas2/install/pubs_and_subs' for CMake module files
[8.066s] Level 1:colcon.colcon_core.environment:checking '/home/danscarryus/InternRos2/MagangBayu24-ROS2/tugas2/install/pubs_and_subs' for CMake config files
[8.067s] Level 1:colcon.colcon_core.shell:create_environment_hook('pubs_and_subs', 'cmake_prefix_path')
[8.089s] INFO:colcon.colcon_core.shell:Creating environment hook '/home/danscarryus/InternRos2/MagangBayu24-ROS2/tugas2/install/pubs_and_subs/share/pubs_and_subs/hook/cmake_prefix_path.ps1'
[8.090s] INFO:colcon.colcon_core.shell:Creating environment descriptor '/home/danscarryus/InternRos2/MagangBayu24-ROS2/tugas2/install/pubs_and_subs/share/pubs_and_subs/hook/cmake_prefix_path.dsv'
[8.091s] INFO:colcon.colcon_core.shell:Creating environment hook '/home/danscarryus/InternRos2/MagangBayu24-ROS2/tugas2/install/pubs_and_subs/share/pubs_and_subs/hook/cmake_prefix_path.sh'
[8.092s] Level 1:colcon.colcon_core.environment:checking '/home/danscarryus/InternRos2/MagangBayu24-ROS2/tugas2/install/pubs_and_subs/lib'
[8.092s] Level 1:colcon.colcon_core.environment:checking '/home/danscarryus/InternRos2/MagangBayu24-ROS2/tugas2/install/pubs_and_subs/bin'
[8.092s] Level 1:colcon.colcon_core.environment:checking '/home/danscarryus/InternRos2/MagangBayu24-ROS2/tugas2/install/pubs_and_subs/lib/pkgconfig/pubs_and_subs.pc'
[8.092s] Level 1:colcon.colcon_core.environment:checking '/home/danscarryus/InternRos2/MagangBayu24-ROS2/tugas2/install/pubs_and_subs/lib/python3.8/site-packages'
[8.092s] Level 1:colcon.colcon_core.environment:checking '/home/danscarryus/InternRos2/MagangBayu24-ROS2/tugas2/install/pubs_and_subs/bin'
[8.109s] INFO:colcon.colcon_core.shell:Creating package script '/home/danscarryus/InternRos2/MagangBayu24-ROS2/tugas2/install/pubs_and_subs/share/pubs_and_subs/package.ps1'
[8.109s] INFO:colcon.colcon_core.shell:Creating package descriptor '/home/danscarryus/InternRos2/MagangBayu24-ROS2/tugas2/install/pubs_and_subs/share/pubs_and_subs/package.dsv'
[8.110s] INFO:colcon.colcon_core.shell:Creating package script '/home/danscarryus/InternRos2/MagangBayu24-ROS2/tugas2/install/pubs_and_subs/share/pubs_and_subs/package.sh'
[8.110s] INFO:colcon.colcon_core.shell:Creating package script '/home/danscarryus/InternRos2/MagangBayu24-ROS2/tugas2/install/pubs_and_subs/share/pubs_and_subs/package.bash'
[8.112s] INFO:colcon.colcon_core.shell:Creating package script '/home/danscarryus/InternRos2/MagangBayu24-ROS2/tugas2/install/pubs_and_subs/share/pubs_and_subs/package.zsh'
[8.113s] Level 1:colcon.colcon_core.environment:create_file_with_runtime_dependencies(/home/danscarryus/InternRos2/MagangBayu24-ROS2/tugas2/install/pubs_and_subs/share/colcon-core/packages/pubs_and_subs)
[8.124s] DEBUG:colcon.colcon_parallel_executor.executor.parallel:closing loop
[8.124s] DEBUG:colcon.colcon_parallel_executor.executor.parallel:loop closed
[8.124s] DEBUG:colcon.colcon_parallel_executor.executor.parallel:run_until_complete finished with '2'
[8.124s] DEBUG:colcon.colcon_core.event_reactor:joining thread
[8.171s] INFO:colcon.colcon_core.plugin_system:Skipping extension 'colcon_notification.desktop_notification.terminal_notifier': Not used on non-Darwin systems
[8.171s] INFO:colcon.colcon_core.plugin_system:Skipping extension 'colcon_notification.desktop_notification.win32': Not used on non-Windows systems
[8.171s] INFO:colcon.colcon_notification.desktop_notification:Sending desktop notification using 'notify2'
[8.241s] DEBUG:colcon.colcon_core.event_reactor:joined thread
[8.266s] INFO:colcon.colcon_core.shell:Creating prefix script '/home/danscarryus/InternRos2/MagangBayu24-ROS2/tugas2/install/local_setup.ps1'
[8.267s] INFO:colcon.colcon_core.shell:Creating prefix util module '/home/danscarryus/InternRos2/MagangBayu24-ROS2/tugas2/install/_local_setup_util_ps1.py'
[8.269s] INFO:colcon.colcon_core.shell:Creating prefix chain script '/home/danscarryus/InternRos2/MagangBayu24-ROS2/tugas2/install/setup.ps1'
[8.285s] INFO:colcon.colcon_core.shell:Creating prefix script '/home/danscarryus/InternRos2/MagangBayu24-ROS2/tugas2/install/local_setup.sh'
[8.285s] INFO:colcon.colcon_core.shell:Creating prefix util module '/home/danscarryus/InternRos2/MagangBayu24-ROS2/tugas2/install/_local_setup_util_sh.py'
[8.286s] INFO:colcon.colcon_core.shell:Creating prefix chain script '/home/danscarryus/InternRos2/MagangBayu24-ROS2/tugas2/install/setup.sh'
[8.301s] INFO:colcon.colcon_core.shell:Creating prefix script '/home/danscarryus/InternRos2/MagangBayu24-ROS2/tugas2/install/local_setup.bash'
[8.301s] INFO:colcon.colcon_core.shell:Creating prefix chain script '/home/danscarryus/InternRos2/MagangBayu24-ROS2/tugas2/install/setup.bash'
[8.322s] INFO:colcon.colcon_core.shell:Creating prefix script '/home/danscarryus/InternRos2/MagangBayu24-ROS2/tugas2/install/local_setup.zsh'
[8.322s] INFO:colcon.colcon_core.shell:Creating prefix chain script '/home/danscarryus/InternRos2/MagangBayu24-ROS2/tugas2/install/setup.zsh'
