[0.052s] Invoking command in '/home/danscarryus/InternRos2/MagangBayu24-ROS2/tugas2/build/pubs_and_subs': CMAKE_PREFIX_PATH=/opt/ros/foxy /usr/bin/cmake --build /home/danscarryus/InternRos2/MagangBayu24-ROS2/tugas2/build/pubs_and_subs -- -j4 -l4
[0.098s] [35m[1mScanning dependencies of target listener[0m
[0.110s] [ 33%] Built target talker2
[0.114s] [ 66%] Built target talker1
[0.122s] [ 83%] [32mBuilding CXX object CMakeFiles/listener.dir/src/subscriber-main.cpp.o[0m
[1.027s] [01m[K/home/danscarryus/InternRos2/MagangBayu24-ROS2/tugas2/src/pubs_and_subs/src/subscriber-main.cpp:[m[K In constructor ‘[01m[KMySubscriber::MySubscriber()[m[K’:
[1.028s] [01m[K/home/danscarryus/InternRos2/MagangBayu24-ROS2/tugas2/src/pubs_and_subs/src/subscriber-main.cpp:11:25:[m[K [01;31m[Kerror: [m[Kno matching function for call to ‘[01m[Krclcpp::QoS::QoS()[m[K’
[1.028s]    11 |   : Node("my_subscriber"[01;31m[K)[m[K
[1.028s]       |                         [01;31m[K^[m[K
[1.028s] In file included from [01m[K/opt/ros/foxy/include/rclcpp/node_interfaces/node_graph_interface.hpp:31[m[K,
[1.028s]                  from [01m[K/opt/ros/foxy/include/rclcpp/client.hpp:34[m[K,
[1.028s]                  from [01m[K/opt/ros/foxy/include/rclcpp/callback_group.hpp:23[m[K,
[1.028s]                  from [01m[K/opt/ros/foxy/include/rclcpp/any_executable.hpp:20[m[K,
[1.028s]                  from [01m[K/opt/ros/foxy/include/rclcpp/memory_strategy.hpp:24[m[K,
[1.028s]                  from [01m[K/opt/ros/foxy/include/rclcpp/memory_strategies.hpp:18[m[K,
[1.028s]                  from [01m[K/opt/ros/foxy/include/rclcpp/executor_options.hpp:20[m[K,
[1.028s]                  from [01m[K/opt/ros/foxy/include/rclcpp/executor.hpp:33[m[K,
[1.028s]                  from [01m[K/opt/ros/foxy/include/rclcpp/executors/multi_threaded_executor.hpp:26[m[K,
[1.028s]                  from [01m[K/opt/ros/foxy/include/rclcpp/executors.hpp:21[m[K,
[1.028s]                  from [01m[K/opt/ros/foxy/include/rclcpp/rclcpp.hpp:146[m[K,
[1.028s]                  from [01m[K/home/danscarryus/InternRos2/MagangBayu24-ROS2/tugas2/src/pubs_and_subs/src/subscriber-main.cpp:4[m[K:
[1.028s] [01m[K/opt/ros/foxy/include/rclcpp/qos.hpp:74:3:[m[K [01;36m[Knote: [m[Kcandidate: ‘[01m[Krclcpp::QoS::QoS(size_t)[m[K’
[1.028s]    74 |   [01;36m[KQoS[m[K(size_t history_depth);  // NOLINT(runtime/explicit): conversion constructor
[1.028s]       |   [01;36m[K^~~[m[K
[1.028s] [01m[K/opt/ros/foxy/include/rclcpp/qos.hpp:74:3:[m[K [01;36m[Knote: [m[K  candidate expects 1 argument, 0 provided
[1.028s] [01m[K/opt/ros/foxy/include/rclcpp/qos.hpp:65:3:[m[K [01;36m[Knote: [m[Kcandidate: ‘[01m[Krclcpp::QoS::QoS(const rclcpp::QoSInitialization&, const rmw_qos_profile_t&)[m[K’
[1.028s]    65 |   [01;36m[KQoS[m[K(
[1.028s]       |   [01;36m[K^~~[m[K
[1.028s] [01m[K/opt/ros/foxy/include/rclcpp/qos.hpp:65:3:[m[K [01;36m[Knote: [m[K  candidate expects 2 arguments, 0 provided
[1.028s] [01m[K/opt/ros/foxy/include/rclcpp/qos.hpp:60:21:[m[K [01;36m[Knote: [m[Kcandidate: ‘[01m[Kconstexpr rclcpp::QoS::QoS(const rclcpp::QoS&)[m[K’
[1.028s]    60 | class RCLCPP_PUBLIC [01;36m[KQoS[m[K
[1.028s]       |                     [01;36m[K^~~[m[K
[1.028s] [01m[K/opt/ros/foxy/include/rclcpp/qos.hpp:60:21:[m[K [01;36m[Knote: [m[K  candidate expects 1 argument, 0 provided
[1.028s] [01m[K/opt/ros/foxy/include/rclcpp/qos.hpp:60:21:[m[K [01;36m[Knote: [m[Kcandidate: ‘[01m[Kconstexpr rclcpp::QoS::QoS(rclcpp::QoS&&)[m[K’
[1.028s] [01m[K/opt/ros/foxy/include/rclcpp/qos.hpp:60:21:[m[K [01;36m[Knote: [m[K  candidate expects 1 argument, 0 provided
[1.895s] make[2]: *** [CMakeFiles/listener.dir/build.make:63: CMakeFiles/listener.dir/src/subscriber-main.cpp.o] Error 1
[1.896s] make[1]: *** [CMakeFiles/Makefile2:82: CMakeFiles/listener.dir/all] Error 2
[1.896s] make: *** [Makefile:141: all] Error 2
[1.903s] Invoked command in '/home/danscarryus/InternRos2/MagangBayu24-ROS2/tugas2/build/pubs_and_subs' returned '2': CMAKE_PREFIX_PATH=/opt/ros/foxy /usr/bin/cmake --build /home/danscarryus/InternRos2/MagangBayu24-ROS2/tugas2/build/pubs_and_subs -- -j4 -l4
