[0.076s] Invoking command in '/home/danscarryus/InternRos2/MagangBayu24-ROS2/tugas2/build/pubs_and_subs': CMAKE_PREFIX_PATH=${CMAKE_PREFIX_PATH}:/opt/ros/foxy /usr/bin/cmake --build /home/danscarryus/InternRos2/MagangBayu24-ROS2/tugas2/build/pubs_and_subs -- -j4 -l4
[0.096s] -- Found ament_cmake: 0.9.12 (/opt/ros/foxy/share/ament_cmake/cmake)
[0.108s] -- Using PYTHON_EXECUTABLE: /usr/bin/python3
[0.228s] -- Found rclcpp: 2.4.3 (/opt/ros/foxy/share/rclcpp/cmake)
[0.252s] -- Using all available rosidl_typesupport_c: rosidl_typesupport_fastrtps_c;rosidl_typesupport_introspection_c
[0.254s] -- Found rosidl_adapter: 1.3.1 (/opt/ros/foxy/share/rosidl_adapter/cmake)
[0.348s] -- Using all available rosidl_typesupport_cpp: rosidl_typesupport_fastrtps_cpp;rosidl_typesupport_introspection_cpp
[0.375s] -- Found rmw_implementation_cmake: 1.0.4 (/opt/ros/foxy/share/rmw_implementation_cmake/cmake)
[0.376s] -- Using RMW implementation 'rmw_fastrtps_cpp' as default
[0.483s] CMake Error at CMakeLists.txt:22 (find_package):
[0.483s]   find_package called with invalid argument "REQUIRED_FILES"
[0.483s] 
[0.483s] 
[0.484s] CMake Error at /opt/ros/foxy/share/ament_cmake_target_dependencies/cmake/ament_target_dependencies.cmake:77 (message):
[0.484s]   ament_target_dependencies() the passed package name 'custom_msgs' was not
[0.485s]   found before
[0.485s] Call Stack (most recent call first):
[0.485s]   CMakeLists.txt:25 (ament_target_dependencies)
[0.485s] 
[0.485s] 
[0.485s] -- Configuring incomplete, errors occurred!
[0.485s] See also "/home/danscarryus/InternRos2/MagangBayu24-ROS2/tugas2/build/pubs_and_subs/CMakeFiles/CMakeOutput.log".
[0.485s] See also "/home/danscarryus/InternRos2/MagangBayu24-ROS2/tugas2/build/pubs_and_subs/CMakeFiles/CMakeError.log".
[0.489s] make: *** [Makefile:354: cmake_check_build_system] Error 1
[0.491s] Invoked command in '/home/danscarryus/InternRos2/MagangBayu24-ROS2/tugas2/build/pubs_and_subs' returned '2': CMAKE_PREFIX_PATH=${CMAKE_PREFIX_PATH}:/opt/ros/foxy /usr/bin/cmake --build /home/danscarryus/InternRos2/MagangBayu24-ROS2/tugas2/build/pubs_and_subs -- -j4 -l4
