[0.071s] Invoking command in '/home/danscarryus/InternRos2/MagangBayu24-ROS2/tugas2/build/pubs_and_subs': CMAKE_PREFIX_PATH=${CMAKE_PREFIX_PATH}:/opt/ros/foxy /usr/bin/cmake --build /home/danscarryus/InternRos2/MagangBayu24-ROS2/tugas2/build/pubs_and_subs -- -j4 -l4
[0.105s] [35m[1mScanning dependencies of target listener[0m
[0.120s] [ 16%] [32mBuilding CXX object CMakeFiles/listener.dir/src/subscriber-main.cpp.o[0m
[0.122s] [ 50%] Built target talker1
[0.144s] [ 83%] Built target talker2
[0.932s] [01m[K/home/danscarryus/InternRos2/MagangBayu24-ROS2/tugas2/src/pubs_and_subs/src/subscriber-main.cpp:53:48:[m[K [01;31m[Kerror: [m[K‘[01m[KPtr[m[K’ in ‘[01m[Kclass rclcpp::Subscription<std_msgs::msg::String_<std::allocator<void> > >[m[K’ does not name a type
[0.932s]    53 |   rclcpp::Subscription<std_msgs::msg::String>::[01;31m[KPtr[m[K subscription_1_;
[0.932s]       |                                                [01;31m[K^~~[m[K
[0.932s] [01m[K/home/danscarryus/InternRos2/MagangBayu24-ROS2/tugas2/src/pubs_and_subs/src/subscriber-main.cpp:54:48:[m[K [01;31m[Kerror: [m[K‘[01m[KPtr[m[K’ in ‘[01m[Kclass rclcpp::Subscription<std_msgs::msg::String_<std::allocator<void> > >[m[K’ does not name a type
[0.932s]    54 |   rclcpp::Subscription<std_msgs::msg::String>::[01;31m[KPtr[m[K subscription_2_;
[0.932s]       |                                                [01;31m[K^~~[m[K
[0.934s] [01m[K/home/danscarryus/InternRos2/MagangBayu24-ROS2/tugas2/src/pubs_and_subs/src/subscriber-main.cpp:[m[K In constructor ‘[01m[KMySubscriber::MySubscriber()[m[K’:
[0.935s] [01m[K/home/danscarryus/InternRos2/MagangBayu24-ROS2/tugas2/src/pubs_and_subs/src/subscriber-main.cpp:12:5:[m[K [01;31m[Kerror: [m[K‘[01m[Ksubscription_1_[m[K’ was not declared in this scope; did you mean ‘[01m[Krcl_subscription_t[m[K’?
[0.935s]    12 |     [01;31m[Ksubscription_1_[m[K = this->create_subscription<std_msgs::msg::String>(
[0.935s]       |     [01;31m[K^~~~~~~~~~~~~~~[m[K
[0.935s]       |     [32m[Krcl_subscription_t[m[K
[0.936s] [01m[K/home/danscarryus/InternRos2/MagangBayu24-ROS2/tugas2/src/pubs_and_subs/src/subscriber-main.cpp:13:71:[m[K [01;31m[Kerror: [m[K‘[01m[K_1[m[K’ was not declared in this scope; did you mean ‘[01m[Kstd::placeholders::_1[m[K’?
[0.936s]    13 |       "topic_1", 10, std::bind(&MySubscriber::topic_callback_1, this, [01;31m[K_1[m[K));
[0.936s]       |                                                                       [01;31m[K^~[m[K
[0.936s]       |                                                                       [32m[Kstd::placeholders::_1[m[K
[0.936s] In file included from [01m[K/opt/ros/foxy/include/rclcpp/context.hpp:19[m[K,
[0.936s]                  from [01m[K/opt/ros/foxy/include/rclcpp/contexts/default_context.hpp:18[m[K,
[0.936s]                  from [01m[K/opt/ros/foxy/include/rclcpp/executor.hpp:32[m[K,
[0.936s]                  from [01m[K/opt/ros/foxy/include/rclcpp/executors/multi_threaded_executor.hpp:26[m[K,
[0.936s]                  from [01m[K/opt/ros/foxy/include/rclcpp/executors.hpp:21[m[K,
[0.936s]                  from [01m[K/opt/ros/foxy/include/rclcpp/rclcpp.hpp:146[m[K,
[0.936s]                  from [01m[K/home/danscarryus/InternRos2/MagangBayu24-ROS2/tugas2/src/pubs_and_subs/src/subscriber-main.cpp:4[m[K:
[0.936s] [01m[K/usr/include/c++/9/functional:211:34:[m[K [01;36m[Knote: [m[K‘[01m[Kstd::placeholders::_1[m[K’ declared here
[0.936s]   211 |     extern const _Placeholder<1> [01;36m[K_1[m[K;
[0.936s]       |                                  [01;36m[K^~[m[K
[0.936s] [01m[K/home/danscarryus/InternRos2/MagangBayu24-ROS2/tugas2/src/pubs_and_subs/src/subscriber-main.cpp:15:5:[m[K [01;31m[Kerror: [m[K‘[01m[Ksubscription_2_[m[K’ was not declared in this scope; did you mean ‘[01m[Krcl_subscription_t[m[K’?
[0.936s]    15 |     [01;31m[Ksubscription_2_[m[K = this->create_subscription<std_msgs::msg::String>(
[0.936s]       |     [01;31m[K^~~~~~~~~~~~~~~[m[K
[0.936s]       |     [32m[Krcl_subscription_t[m[K
[1.162s] make[2]: *** [CMakeFiles/listener.dir/build.make:63: CMakeFiles/listener.dir/src/subscriber-main.cpp.o] Error 1
[1.162s] make[1]: *** [CMakeFiles/Makefile2:82: CMakeFiles/listener.dir/all] Error 2
[1.163s] make: *** [Makefile:141: all] Error 2
[1.166s] Invoked command in '/home/danscarryus/InternRos2/MagangBayu24-ROS2/tugas2/build/pubs_and_subs' returned '2': CMAKE_PREFIX_PATH=${CMAKE_PREFIX_PATH}:/opt/ros/foxy /usr/bin/cmake --build /home/danscarryus/InternRos2/MagangBayu24-ROS2/tugas2/build/pubs_and_subs -- -j4 -l4
