[0.075s] Invoking command in '/home/danscarryus/InternRos2/MagangBayu24-ROS2/tugas2/build/pubs_and_subs': CMAKE_PREFIX_PATH=${CMAKE_PREFIX_PATH}:/opt/ros/foxy /usr/bin/cmake --build /home/danscarryus/InternRos2/MagangBayu24-ROS2/tugas2/build/pubs_and_subs -- -j4 -l4
[0.259s] [35m[1mScanning dependencies of target talker1[0m
[0.286s] [ 16%] [32mBuilding CXX object CMakeFiles/talker1.dir/src/publisher-1.cpp.o[0m
[0.297s] [ 50%] Built target listener
[0.308s] [ 83%] Built target talker2
[2.270s] [100%] [32m[1mLinking CXX executable talker1[0m
[2.430s] [100%] Built target talker1
[2.442s] Invoked command in '/home/danscarryus/InternRos2/MagangBayu24-ROS2/tugas2/build/pubs_and_subs' returned '0': CMAKE_PREFIX_PATH=${CMAKE_PREFIX_PATH}:/opt/ros/foxy /usr/bin/cmake --build /home/danscarryus/InternRos2/MagangBayu24-ROS2/tugas2/build/pubs_and_subs -- -j4 -l4
[2.466s] Invoking command in '/home/danscarryus/InternRos2/MagangBayu24-ROS2/tugas2/build/pubs_and_subs': CMAKE_PREFIX_PATH=${CMAKE_PREFIX_PATH}:/opt/ros/foxy /usr/bin/cmake --install /home/danscarryus/InternRos2/MagangBayu24-ROS2/tugas2/build/pubs_and_subs
[2.471s] -- Install configuration: ""
[2.472s] -- Installing: /home/danscarryus/InternRos2/MagangBayu24-ROS2/tugas2/install/pubs_and_subs/lib/pubs_and_subs/talker1
[2.473s] -- Set runtime path of "/home/danscarryus/InternRos2/MagangBayu24-ROS2/tugas2/install/pubs_and_subs/lib/pubs_and_subs/talker1" to ""
[2.474s] -- Up-to-date: /home/danscarryus/InternRos2/MagangBayu24-ROS2/tugas2/install/pubs_and_subs/lib/pubs_and_subs/talker2
[2.475s] -- Up-to-date: /home/danscarryus/InternRos2/MagangBayu24-ROS2/tugas2/install/pubs_and_subs/lib/pubs_and_subs/listener
[2.476s] -- Up-to-date: /home/danscarryus/InternRos2/MagangBayu24-ROS2/tugas2/install/pubs_and_subs/share/ament_index/resource_index/package_run_dependencies/pubs_and_subs
[2.476s] -- Up-to-date: /home/danscarryus/InternRos2/MagangBayu24-ROS2/tugas2/install/pubs_and_subs/share/ament_index/resource_index/parent_prefix_path/pubs_and_subs
[2.476s] -- Up-to-date: /home/danscarryus/InternRos2/MagangBayu24-ROS2/tugas2/install/pubs_and_subs/share/pubs_and_subs/environment/ament_prefix_path.sh
[2.476s] -- Up-to-date: /home/danscarryus/InternRos2/MagangBayu24-ROS2/tugas2/install/pubs_and_subs/share/pubs_and_subs/environment/ament_prefix_path.dsv
[2.476s] -- Up-to-date: /home/danscarryus/InternRos2/MagangBayu24-ROS2/tugas2/install/pubs_and_subs/share/pubs_and_subs/environment/path.sh
[2.476s] -- Up-to-date: /home/danscarryus/InternRos2/MagangBayu24-ROS2/tugas2/install/pubs_and_subs/share/pubs_and_subs/environment/path.dsv
[2.476s] -- Up-to-date: /home/danscarryus/InternRos2/MagangBayu24-ROS2/tugas2/install/pubs_and_subs/share/pubs_and_subs/local_setup.bash
[2.476s] -- Up-to-date: /home/danscarryus/InternRos2/MagangBayu24-ROS2/tugas2/install/pubs_and_subs/share/pubs_and_subs/local_setup.sh
[2.476s] -- Up-to-date: /home/danscarryus/InternRos2/MagangBayu24-ROS2/tugas2/install/pubs_and_subs/share/pubs_and_subs/local_setup.zsh
[2.476s] -- Up-to-date: /home/danscarryus/InternRos2/MagangBayu24-ROS2/tugas2/install/pubs_and_subs/share/pubs_and_subs/local_setup.dsv
[2.476s] -- Installing: /home/danscarryus/InternRos2/MagangBayu24-ROS2/tugas2/install/pubs_and_subs/share/pubs_and_subs/package.dsv
[2.476s] -- Up-to-date: /home/danscarryus/InternRos2/MagangBayu24-ROS2/tugas2/install/pubs_and_subs/share/ament_index/resource_index/packages/pubs_and_subs
[2.477s] -- Up-to-date: /home/danscarryus/InternRos2/MagangBayu24-ROS2/tugas2/install/pubs_and_subs/share/pubs_and_subs/cmake/pubs_and_subsConfig.cmake
[2.477s] -- Up-to-date: /home/danscarryus/InternRos2/MagangBayu24-ROS2/tugas2/install/pubs_and_subs/share/pubs_and_subs/cmake/pubs_and_subsConfig-version.cmake
[2.477s] -- Up-to-date: /home/danscarryus/InternRos2/MagangBayu24-ROS2/tugas2/install/pubs_and_subs/share/pubs_and_subs/package.xml
[2.478s] Invoked command in '/home/danscarryus/InternRos2/MagangBayu24-ROS2/tugas2/build/pubs_and_subs' returned '0': CMAKE_PREFIX_PATH=${CMAKE_PREFIX_PATH}:/opt/ros/foxy /usr/bin/cmake --install /home/danscarryus/InternRos2/MagangBayu24-ROS2/tugas2/build/pubs_and_subs
