[35m[1mScanning dependencies of target listener[0m
[35m[1mScanning dependencies of target talker2[0m
[35m[1mScanning dependencies of target talker1[0m
[ 16%] [32mBuilding CXX object CMakeFiles/listener.dir/src/subscriber-main.cpp.o[0m
[ 33%] [32mBuilding CXX object CMakeFiles/talker2.dir/src/publisher-2.cpp.o[0m
[ 50%] [32mBuilding CXX object CMakeFiles/talker1.dir/src/publisher-1.cpp.o[0m
[01m[K/home/danscarryus/InternRos2/MagangBayu24-ROS2/tugas2/src/pubs_and_subs/src/publisher-1.cpp:[m[K In member function ‘[01m[Kvoid Publisher1::timer_callback()[m[K’:
[01m[K/home/danscarryus/InternRos2/MagangBayu24-ROS2/tugas2/src/pubs_and_subs/src/publisher-1.cpp:23:35:[m[K [01;31m[Kerror: [m[Kinvalid operands of types ‘[01m[Kconst char [13][m[K’ and ‘[01m[Kconst char*[m[K’ to binary ‘[01m[Koperator+[m[K’
   23 |     message.data = [32m[K"publisher-1-"[m[K [01;31m[K+[m[K [34m[K(count % 2 == 0 ? "true" : "false")[m[K;
      |                    [32m[K~~~~~~~~~~~~~~[m[K [01;31m[K^[m[K [34m[K~~~~~~~~~~~~~~~~~~~~~~~~~~~~~~~~~~~[m[K
      |                    [32m[K|[m[K                                [34m[K|[m[K
      |                    [32m[Kconst char [13][m[K                  [34m[Kconst char*[m[K
[01m[K/home/danscarryus/InternRos2/MagangBayu24-ROS2/tugas2/src/pubs_and_subs/src/publisher-2.cpp:[m[K In member function ‘[01m[Kvoid Publisher2::timer_callback()[m[K’:
[01m[K/home/danscarryus/InternRos2/MagangBayu24-ROS2/tugas2/src/pubs_and_subs/src/publisher-2.cpp:23:35:[m[K [01;31m[Kerror: [m[Kinvalid operands of types ‘[01m[Kconst char [13][m[K’ and ‘[01m[Kconst char*[m[K’ to binary ‘[01m[Koperator+[m[K’
   23 |     message.data = [32m[K"publisher-2-"[m[K [01;31m[K+[m[K [34m[K(count % 3 == 0 ? "true" : "false")[m[K;
      |                    [32m[K~~~~~~~~~~~~~~[m[K [01;31m[K^[m[K [34m[K~~~~~~~~~~~~~~~~~~~~~~~~~~~~~~~~~~~[m[K
      |                    [32m[K|[m[K                                [34m[K|[m[K
      |                    [32m[Kconst char [13][m[K                  [34m[Kconst char*[m[K
[01m[K/home/danscarryus/InternRos2/MagangBayu24-ROS2/tugas2/src/pubs_and_subs/src/subscriber-main.cpp:[m[K In member function ‘[01m[Kvoid Subscriber::topic_callback_1(std_msgs::msg::String_<std::allocator<void> >::SharedPtr) const[m[K’:
[01m[K/home/danscarryus/InternRos2/MagangBayu24-ROS2/tugas2/src/pubs_and_subs/src/subscriber-main.cpp:24:26:[m[K [01;31m[Kerror: [m[Kassignment of member ‘[01m[KSubscriber::last_pub1_state_[m[K’ in read-only object
   24 |         [01;31m[Klast_pub1_state_ = (msg->data == "true")[m[K;
      |         [01;31m[K~~~~~~~~~~~~~~~~~^~~~~~~~~~~~~~~~~~~~~~~[m[K
[01m[K/home/danscarryus/InternRos2/MagangBayu24-ROS2/tugas2/src/pubs_and_subs/src/subscriber-main.cpp:25:22:[m[K [01;31m[Kerror: [m[Kpassing ‘[01m[Kconst Subscriber[m[K’ as ‘[01m[Kthis[m[K’ argument discards qualifiers [[01;31m[K-fpermissive[m[K]
   25 |         check_states([01;31m[K)[m[K;
      |                      [01;31m[K^[m[K
[01m[K/home/danscarryus/InternRos2/MagangBayu24-ROS2/tugas2/src/pubs_and_subs/src/subscriber-main.cpp:34:10:[m[K [01;36m[Knote: [m[K  in call to ‘[01m[Kvoid Subscriber::check_states()[m[K’
   34 |     void [01;36m[Kcheck_states[m[K()
      |          [01;36m[K^~~~~~~~~~~~[m[K
[01m[K/home/danscarryus/InternRos2/MagangBayu24-ROS2/tugas2/src/pubs_and_subs/src/subscriber-main.cpp:[m[K In member function ‘[01m[Kvoid Subscriber::topic_callback_2(std_msgs::msg::String_<std::allocator<void> >::SharedPtr) const[m[K’:
[01m[K/home/danscarryus/InternRos2/MagangBayu24-ROS2/tugas2/src/pubs_and_subs/src/subscriber-main.cpp:30:26:[m[K [01;31m[Kerror: [m[Kassignment of member ‘[01m[KSubscriber::last_pub2_state_[m[K’ in read-only object
   30 |         [01;31m[Klast_pub2_state_ = (msg->data == "true")[m[K;
      |         [01;31m[K~~~~~~~~~~~~~~~~~^~~~~~~~~~~~~~~~~~~~~~~[m[K
[01m[K/home/danscarryus/InternRos2/MagangBayu24-ROS2/tugas2/src/pubs_and_subs/src/subscriber-main.cpp:31:22:[m[K [01;31m[Kerror: [m[Kpassing ‘[01m[Kconst Subscriber[m[K’ as ‘[01m[Kthis[m[K’ argument discards qualifiers [[01;31m[K-fpermissive[m[K]
   31 |         check_states([01;31m[K)[m[K;
      |                      [01;31m[K^[m[K
[01m[K/home/danscarryus/InternRos2/MagangBayu24-ROS2/tugas2/src/pubs_and_subs/src/subscriber-main.cpp:34:10:[m[K [01;36m[Knote: [m[K  in call to ‘[01m[Kvoid Subscriber::check_states()[m[K’
   34 |     void [01;36m[Kcheck_states[m[K()
      |          [01;36m[K^~~~~~~~~~~~[m[K
make[2]: *** [CMakeFiles/talker1.dir/build.make:63: CMakeFiles/talker1.dir/src/publisher-1.cpp.o] Error 1
make[1]: *** [CMakeFiles/Makefile2:136: CMakeFiles/talker1.dir/all] Error 2
make[1]: *** Waiting for unfinished jobs....
make[2]: *** [CMakeFiles/talker2.dir/build.make:63: CMakeFiles/talker2.dir/src/publisher-2.cpp.o] Error 1
make[1]: *** [CMakeFiles/Makefile2:109: CMakeFiles/talker2.dir/all] Error 2
make[2]: *** [CMakeFiles/listener.dir/build.make:63: CMakeFiles/listener.dir/src/subscriber-main.cpp.o] Error 1
make[1]: *** [CMakeFiles/Makefile2:82: CMakeFiles/listener.dir/all] Error 2
make: *** [Makefile:141: all] Error 2
