[0.058s] Invoking command in '/home/danscarryus/InternRos2/MagangBayu24-ROS2/tugas2/build/pubs_and_subs': CMAKE_PREFIX_PATH=/opt/ros/foxy /usr/bin/cmake --build /home/danscarryus/InternRos2/MagangBayu24-ROS2/tugas2/build/pubs_and_subs -- -j4 -l4
[0.173s] [35m[1mScanning dependencies of target listener[0m
[0.173s] [35m[1mScanning dependencies of target talker2[0m
[0.177s] [35m[1mScanning dependencies of target talker1[0m
[0.192s] [ 16%] [32mBuilding CXX object CMakeFiles/listener.dir/src/subscriber-main.cpp.o[0m
[0.199s] [ 33%] [32mBuilding CXX object CMakeFiles/talker2.dir/src/publisher-2.cpp.o[0m
[0.201s] [ 50%] [32mBuilding CXX object CMakeFiles/talker1.dir/src/publisher-1.cpp.o[0m
[2.440s] [01m[K/home/danscarryus/InternRos2/MagangBayu24-ROS2/tugas2/src/pubs_and_subs/src/publisher-1.cpp:[m[K In member function ‘[01m[Kvoid Publisher1::timer_callback()[m[K’:
[2.442s] [01m[K/home/danscarryus/InternRos2/MagangBayu24-ROS2/tugas2/src/pubs_and_subs/src/publisher-1.cpp:23:35:[m[K [01;31m[Kerror: [m[Kinvalid operands of types ‘[01m[Kconst char [13][m[K’ and ‘[01m[Kconst char*[m[K’ to binary ‘[01m[Koperator+[m[K’
[2.443s]    23 |     message.data = [32m[K"publisher-1-"[m[K [01;31m[K+[m[K [34m[K(count % 2 == 0 ? "true" : "false")[m[K;
[2.443s]       |                    [32m[K~~~~~~~~~~~~~~[m[K [01;31m[K^[m[K [34m[K~~~~~~~~~~~~~~~~~~~~~~~~~~~~~~~~~~~[m[K
[2.443s]       |                    [32m[K|[m[K                                [34m[K|[m[K
[2.443s]       |                    [32m[Kconst char [13][m[K                  [34m[Kconst char*[m[K
[2.497s] [01m[K/home/danscarryus/InternRos2/MagangBayu24-ROS2/tugas2/src/pubs_and_subs/src/publisher-2.cpp:[m[K In member function ‘[01m[Kvoid Publisher2::timer_callback()[m[K’:
[2.498s] [01m[K/home/danscarryus/InternRos2/MagangBayu24-ROS2/tugas2/src/pubs_and_subs/src/publisher-2.cpp:23:35:[m[K [01;31m[Kerror: [m[Kinvalid operands of types ‘[01m[Kconst char [13][m[K’ and ‘[01m[Kconst char*[m[K’ to binary ‘[01m[Koperator+[m[K’
[2.498s]    23 |     message.data = [32m[K"publisher-2-"[m[K [01;31m[K+[m[K [34m[K(count % 3 == 0 ? "true" : "false")[m[K;
[2.498s]       |                    [32m[K~~~~~~~~~~~~~~[m[K [01;31m[K^[m[K [34m[K~~~~~~~~~~~~~~~~~~~~~~~~~~~~~~~~~~~[m[K
[2.498s]       |                    [32m[K|[m[K                                [34m[K|[m[K
[2.498s]       |                    [32m[Kconst char [13][m[K                  [34m[Kconst char*[m[K
[2.635s] [01m[K/home/danscarryus/InternRos2/MagangBayu24-ROS2/tugas2/src/pubs_and_subs/src/subscriber-main.cpp:[m[K In member function ‘[01m[Kvoid Subscriber::topic_callback_1(std_msgs::msg::String_<std::allocator<void> >::SharedPtr) const[m[K’:
[2.635s] [01m[K/home/danscarryus/InternRos2/MagangBayu24-ROS2/tugas2/src/pubs_and_subs/src/subscriber-main.cpp:24:26:[m[K [01;31m[Kerror: [m[Kassignment of member ‘[01m[KSubscriber::last_pub1_state_[m[K’ in read-only object
[2.635s]    24 |         [01;31m[Klast_pub1_state_ = (msg->data == "true")[m[K;
[2.635s]       |         [01;31m[K~~~~~~~~~~~~~~~~~^~~~~~~~~~~~~~~~~~~~~~~[m[K
[2.635s] [01m[K/home/danscarryus/InternRos2/MagangBayu24-ROS2/tugas2/src/pubs_and_subs/src/subscriber-main.cpp:25:22:[m[K [01;31m[Kerror: [m[Kpassing ‘[01m[Kconst Subscriber[m[K’ as ‘[01m[Kthis[m[K’ argument discards qualifiers [[01;31m[K-fpermissive[m[K]
[2.635s]    25 |         check_states([01;31m[K)[m[K;
[2.636s]       |                      [01;31m[K^[m[K
[2.636s] [01m[K/home/danscarryus/InternRos2/MagangBayu24-ROS2/tugas2/src/pubs_and_subs/src/subscriber-main.cpp:34:10:[m[K [01;36m[Knote: [m[K  in call to ‘[01m[Kvoid Subscriber::check_states()[m[K’
[2.636s]    34 |     void [01;36m[Kcheck_states[m[K()
[2.636s]       |          [01;36m[K^~~~~~~~~~~~[m[K
[2.636s] [01m[K/home/danscarryus/InternRos2/MagangBayu24-ROS2/tugas2/src/pubs_and_subs/src/subscriber-main.cpp:[m[K In member function ‘[01m[Kvoid Subscriber::topic_callback_2(std_msgs::msg::String_<std::allocator<void> >::SharedPtr) const[m[K’:
[2.636s] [01m[K/home/danscarryus/InternRos2/MagangBayu24-ROS2/tugas2/src/pubs_and_subs/src/subscriber-main.cpp:30:26:[m[K [01;31m[Kerror: [m[Kassignment of member ‘[01m[KSubscriber::last_pub2_state_[m[K’ in read-only object
[2.636s]    30 |         [01;31m[Klast_pub2_state_ = (msg->data == "true")[m[K;
[2.636s]       |         [01;31m[K~~~~~~~~~~~~~~~~~^~~~~~~~~~~~~~~~~~~~~~~[m[K
[2.636s] [01m[K/home/danscarryus/InternRos2/MagangBayu24-ROS2/tugas2/src/pubs_and_subs/src/subscriber-main.cpp:31:22:[m[K [01;31m[Kerror: [m[Kpassing ‘[01m[Kconst Subscriber[m[K’ as ‘[01m[Kthis[m[K’ argument discards qualifiers [[01;31m[K-fpermissive[m[K]
[2.636s]    31 |         check_states([01;31m[K)[m[K;
[2.636s]       |                      [01;31m[K^[m[K
[2.636s] [01m[K/home/danscarryus/InternRos2/MagangBayu24-ROS2/tugas2/src/pubs_and_subs/src/subscriber-main.cpp:34:10:[m[K [01;36m[Knote: [m[K  in call to ‘[01m[Kvoid Subscriber::check_states()[m[K’
[2.636s]    34 |     void [01;36m[Kcheck_states[m[K()
[2.636s]       |          [01;36m[K^~~~~~~~~~~~[m[K
[4.950s] make[2]: *** [CMakeFiles/talker1.dir/build.make:63: CMakeFiles/talker1.dir/src/publisher-1.cpp.o] Error 1
[4.958s] make[1]: *** [CMakeFiles/Makefile2:136: CMakeFiles/talker1.dir/all] Error 2
[4.958s] make[1]: *** Waiting for unfinished jobs....
[4.980s] make[2]: *** [CMakeFiles/talker2.dir/build.make:63: CMakeFiles/talker2.dir/src/publisher-2.cpp.o] Error 1
[4.980s] make[1]: *** [CMakeFiles/Makefile2:109: CMakeFiles/talker2.dir/all] Error 2
[5.577s] make[2]: *** [CMakeFiles/listener.dir/build.make:63: CMakeFiles/listener.dir/src/subscriber-main.cpp.o] Error 1
[5.578s] make[1]: *** [CMakeFiles/Makefile2:82: CMakeFiles/listener.dir/all] Error 2
[5.578s] make: *** [Makefile:141: all] Error 2
[5.598s] Invoked command in '/home/danscarryus/InternRos2/MagangBayu24-ROS2/tugas2/build/pubs_and_subs' returned '2': CMAKE_PREFIX_PATH=/opt/ros/foxy /usr/bin/cmake --build /home/danscarryus/InternRos2/MagangBayu24-ROS2/tugas2/build/pubs_and_subs -- -j4 -l4
