[0.785s] DEBUG:colcon:Command line arguments: ['/usr/bin/colcon', 'build', '--packages-select', 'pubs_and_subs']
[0.785s] DEBUG:colcon:Parsed command line arguments: Namespace(allow_overriding=[], ament_cmake_args=None, base_paths=['.'], build_base='build', catkin_cmake_args=None, catkin_skip_building_tests=False, cmake_args=None, cmake_clean_cache=False, cmake_clean_first=False, cmake_force_configure=False, cmake_target=None, cmake_target_skip_unavailable=False, continue_on_error=False, event_handlers=None, executor='parallel', ignore_user_meta=False, install_base='install', log_base=None, log_level=None, main=<bound method BuildVerb.main of <colcon_core.verb.build.BuildVerb object at 0xffff9eb98c40>>, merge_install=False, metas=['./colcon.meta'], packages_above=None, packages_above_and_dependencies=None, packages_above_depth=None, packages_end=None, packages_ignore=None, packages_ignore_regex=None, packages_select=['pubs_and_subs'], packages_select_build_failed=False, packages_select_by_dep=None, packages_select_regex=None, packages_select_test_failures=False, packages_skip=None, packages_skip_build_finished=False, packages_skip_by_dep=None, packages_skip_regex=None, packages_skip_test_passed=False, packages_skip_up_to=None, packages_start=None, packages_up_to=None, packages_up_to_regex=None, parallel_workers=4, paths=None, symlink_install=False, test_result_base=None, verb_extension=<colcon_core.verb.build.BuildVerb object at 0xffff9eb98c40>, verb_name='build', verb_parser=<colcon_defaults.argument_parser.defaults.DefaultArgumentsDecorator object at 0xffff9ec10e20>)
[0.821s] Level 1:colcon.colcon_core.package_discovery:discover_packages(colcon_meta) check parameters
[0.821s] Level 1:colcon.colcon_core.package_discovery:discover_packages(recursive) check parameters
[0.821s] Level 1:colcon.colcon_core.package_discovery:discover_packages(ignore) check parameters
[0.821s] Level 1:colcon.colcon_core.package_discovery:discover_packages(path) check parameters
[0.821s] Level 1:colcon.colcon_core.package_discovery:discover_packages(colcon_meta) discover
[0.821s] Level 1:colcon.colcon_core.package_discovery:discover_packages(recursive) discover
[0.821s] INFO:colcon.colcon_core.package_discovery:Crawling recursively for packages in '/home/danscarryus/InternRos2/MagangBayu24-ROS2/tugas2'
[0.822s] Level 1:colcon.colcon_core.package_identification:_identify(.) by extensions ['ignore', 'ignore_ament_install']
[0.822s] Level 1:colcon.colcon_core.package_identification:_identify(.) by extension 'ignore'
[0.822s] Level 1:colcon.colcon_core.package_identification:_identify(.) by extension 'ignore_ament_install'
[0.822s] Level 1:colcon.colcon_core.package_identification:_identify(.) by extensions ['colcon_pkg']
[0.822s] Level 1:colcon.colcon_core.package_identification:_identify(.) by extension 'colcon_pkg'
[0.822s] Level 1:colcon.colcon_core.package_identification:_identify(.) by extensions ['colcon_meta']
[0.822s] Level 1:colcon.colcon_core.package_identification:_identify(.) by extension 'colcon_meta'
[0.822s] Level 1:colcon.colcon_core.package_identification:_identify(.) by extensions ['ros']
[0.822s] Level 1:colcon.colcon_core.package_identification:_identify(.) by extension 'ros'
[0.827s] Level 1:colcon.colcon_core.package_identification:_identify(.) by extensions ['cmake', 'python']
[0.827s] Level 1:colcon.colcon_core.package_identification:_identify(.) by extension 'cmake'
[0.827s] Level 1:colcon.colcon_core.package_identification:_identify(.) by extension 'python'
[0.827s] Level 1:colcon.colcon_core.package_identification:_identify(.) by extensions ['python_setup_py']
[0.827s] Level 1:colcon.colcon_core.package_identification:_identify(.) by extension 'python_setup_py'
[0.828s] Level 1:colcon.colcon_core.package_identification:_identify(build) by extensions ['ignore', 'ignore_ament_install']
[0.828s] Level 1:colcon.colcon_core.package_identification:_identify(build) by extension 'ignore'
[0.828s] Level 1:colcon.colcon_core.package_identification:_identify(build) ignored
[0.828s] Level 1:colcon.colcon_core.package_identification:_identify(install) by extensions ['ignore', 'ignore_ament_install']
[0.828s] Level 1:colcon.colcon_core.package_identification:_identify(install) by extension 'ignore'
[0.828s] Level 1:colcon.colcon_core.package_identification:_identify(install) ignored
[0.828s] Level 1:colcon.colcon_core.package_identification:_identify(log) by extensions ['ignore', 'ignore_ament_install']
[0.828s] Level 1:colcon.colcon_core.package_identification:_identify(log) by extension 'ignore'
[0.828s] Level 1:colcon.colcon_core.package_identification:_identify(log) ignored
[0.828s] Level 1:colcon.colcon_core.package_identification:_identify(src) by extensions ['ignore', 'ignore_ament_install']
[0.828s] Level 1:colcon.colcon_core.package_identification:_identify(src) by extension 'ignore'
[0.828s] Level 1:colcon.colcon_core.package_identification:_identify(src) by extension 'ignore_ament_install'
[0.828s] Level 1:colcon.colcon_core.package_identification:_identify(src) by extensions ['colcon_pkg']
[0.828s] Level 1:colcon.colcon_core.package_identification:_identify(src) by extension 'colcon_pkg'
[0.828s] Level 1:colcon.colcon_core.package_identification:_identify(src) by extensions ['colcon_meta']
[0.828s] Level 1:colcon.colcon_core.package_identification:_identify(src) by extension 'colcon_meta'
[0.828s] Level 1:colcon.colcon_core.package_identification:_identify(src) by extensions ['ros']
[0.828s] Level 1:colcon.colcon_core.package_identification:_identify(src) by extension 'ros'
[0.828s] Level 1:colcon.colcon_core.package_identification:_identify(src) by extensions ['cmake', 'python']
[0.828s] Level 1:colcon.colcon_core.package_identification:_identify(src) by extension 'cmake'
[0.828s] Level 1:colcon.colcon_core.package_identification:_identify(src) by extension 'python'
[0.828s] Level 1:colcon.colcon_core.package_identification:_identify(src) by extensions ['python_setup_py']
[0.828s] Level 1:colcon.colcon_core.package_identification:_identify(src) by extension 'python_setup_py'
[0.828s] Level 1:colcon.colcon_core.package_identification:_identify(src/pubs_and_subs) by extensions ['ignore', 'ignore_ament_install']
[0.828s] Level 1:colcon.colcon_core.package_identification:_identify(src/pubs_and_subs) by extension 'ignore'
[0.828s] Level 1:colcon.colcon_core.package_identification:_identify(src/pubs_and_subs) by extension 'ignore_ament_install'
[0.828s] Level 1:colcon.colcon_core.package_identification:_identify(src/pubs_and_subs) by extensions ['colcon_pkg']
[0.828s] Level 1:colcon.colcon_core.package_identification:_identify(src/pubs_and_subs) by extension 'colcon_pkg'
[0.828s] Level 1:colcon.colcon_core.package_identification:_identify(src/pubs_and_subs) by extensions ['colcon_meta']
[0.828s] Level 1:colcon.colcon_core.package_identification:_identify(src/pubs_and_subs) by extension 'colcon_meta'
[0.828s] Level 1:colcon.colcon_core.package_identification:_identify(src/pubs_and_subs) by extensions ['ros']
[0.828s] Level 1:colcon.colcon_core.package_identification:_identify(src/pubs_and_subs) by extension 'ros'
[0.830s] DEBUG:colcon.colcon_core.package_identification:Package 'src/pubs_and_subs' with type 'ros.ament_cmake' and name 'pubs_and_subs'
[0.830s] Level 1:colcon.colcon_core.package_discovery:discover_packages(recursive) using defaults
[0.830s] Level 1:colcon.colcon_core.package_discovery:discover_packages(ignore) discover
[0.830s] Level 1:colcon.colcon_core.package_discovery:discover_packages(ignore) using defaults
[0.830s] Level 1:colcon.colcon_core.package_discovery:discover_packages(path) discover
[0.830s] Level 1:colcon.colcon_core.package_discovery:discover_packages(path) using defaults
[0.932s] Level 1:colcon.colcon_core.package_discovery:discover_packages(prefix_path) check parameters
[0.932s] Level 1:colcon.colcon_core.package_discovery:discover_packages(prefix_path) discover
[0.975s] DEBUG:colcon.colcon_installed_package_information.package_discovery:Found 1 installed packages in /home/danscarryus/InternRos2/MagangBayu24-ROS2/tugas2/install
[0.993s] DEBUG:colcon.colcon_installed_package_information.package_discovery:Found 256 installed packages in /opt/ros/foxy
[0.994s] Level 1:colcon.colcon_core.package_discovery:discover_packages(prefix_path) using defaults
[1.048s] Level 5:colcon.colcon_core.verb:set package 'pubs_and_subs' build argument 'cmake_args' from command line to 'None'
[1.048s] Level 5:colcon.colcon_core.verb:set package 'pubs_and_subs' build argument 'cmake_target' from command line to 'None'
[1.048s] Level 5:colcon.colcon_core.verb:set package 'pubs_and_subs' build argument 'cmake_target_skip_unavailable' from command line to 'False'
[1.048s] Level 5:colcon.colcon_core.verb:set package 'pubs_and_subs' build argument 'cmake_clean_cache' from command line to 'False'
[1.048s] Level 5:colcon.colcon_core.verb:set package 'pubs_and_subs' build argument 'cmake_clean_first' from command line to 'False'
[1.048s] Level 5:colcon.colcon_core.verb:set package 'pubs_and_subs' build argument 'cmake_force_configure' from command line to 'False'
[1.048s] Level 5:colcon.colcon_core.verb:set package 'pubs_and_subs' build argument 'ament_cmake_args' from command line to 'None'
[1.048s] Level 5:colcon.colcon_core.verb:set package 'pubs_and_subs' build argument 'catkin_cmake_args' from command line to 'None'
[1.048s] Level 5:colcon.colcon_core.verb:set package 'pubs_and_subs' build argument 'catkin_skip_building_tests' from command line to 'False'
[1.048s] DEBUG:colcon.colcon_core.verb:Building package 'pubs_and_subs' with the following arguments: {'ament_cmake_args': None, 'build_base': '/home/danscarryus/InternRos2/MagangBayu24-ROS2/tugas2/build/pubs_and_subs', 'catkin_cmake_args': None, 'catkin_skip_building_tests': False, 'cmake_args': None, 'cmake_clean_cache': False, 'cmake_clean_first': False, 'cmake_force_configure': False, 'cmake_target': None, 'cmake_target_skip_unavailable': False, 'install_base': '/home/danscarryus/InternRos2/MagangBayu24-ROS2/tugas2/install/pubs_and_subs', 'merge_install': False, 'path': '/home/danscarryus/InternRos2/MagangBayu24-ROS2/tugas2/src/pubs_and_subs', 'symlink_install': False, 'test_result_base': None}
[1.061s] INFO:colcon.colcon_core.executor:Executing jobs using 'parallel' executor
[1.074s] DEBUG:colcon.colcon_parallel_executor.executor.parallel:run_until_complete
[1.074s] INFO:colcon.colcon_ros.task.ament_cmake.build:Building ROS package in '/home/danscarryus/InternRos2/MagangBayu24-ROS2/tugas2/src/pubs_and_subs' with build type 'ament_cmake'
[1.074s] INFO:colcon.colcon_cmake.task.cmake.build:Building CMake package in '/home/danscarryus/InternRos2/MagangBayu24-ROS2/tugas2/src/pubs_and_subs'
[1.088s] INFO:colcon.colcon_core.plugin_system:Skipping extension 'colcon_core.shell.bat': Not used on non-Windows systems
[1.088s] INFO:colcon.colcon_core.shell:Skip shell extension 'powershell' for command environment: Not usable outside of PowerShell
[1.088s] DEBUG:colcon.colcon_core.shell:Skip shell extension 'dsv' for command environment
[1.152s] DEBUG:colcon.colcon_core.event_handler.log_command:Invoking command in '/home/danscarryus/InternRos2/MagangBayu24-ROS2/tugas2/build/pubs_and_subs': CMAKE_PREFIX_PATH=${CMAKE_PREFIX_PATH}:/opt/ros/foxy /usr/bin/cmake --build /home/danscarryus/InternRos2/MagangBayu24-ROS2/tugas2/build/pubs_and_subs -- -j4 -l4
[3.721s] DEBUG:colcon.colcon_core.event_handler.log_command:Invoked command in '/home/danscarryus/InternRos2/MagangBayu24-ROS2/tugas2/build/pubs_and_subs' returned '0': CMAKE_PREFIX_PATH=${CMAKE_PREFIX_PATH}:/opt/ros/foxy /usr/bin/cmake --build /home/danscarryus/InternRos2/MagangBayu24-ROS2/tugas2/build/pubs_and_subs -- -j4 -l4
[3.744s] DEBUG:colcon.colcon_core.event_handler.log_command:Invoking command in '/home/danscarryus/InternRos2/MagangBayu24-ROS2/tugas2/build/pubs_and_subs': CMAKE_PREFIX_PATH=${CMAKE_PREFIX_PATH}:/opt/ros/foxy /usr/bin/cmake --install /home/danscarryus/InternRos2/MagangBayu24-ROS2/tugas2/build/pubs_and_subs
[3.764s] Level 1:colcon.colcon_core.environment:create_environment_scripts_only(pubs_and_subs)
[3.766s] DEBUG:colcon.colcon_core.event_handler.log_command:Invoked command in '/home/danscarryus/InternRos2/MagangBayu24-ROS2/tugas2/build/pubs_and_subs' returned '0': CMAKE_PREFIX_PATH=${CMAKE_PREFIX_PATH}:/opt/ros/foxy /usr/bin/cmake --install /home/danscarryus/InternRos2/MagangBayu24-ROS2/tugas2/build/pubs_and_subs
[3.795s] Level 1:colcon.colcon_core.environment:checking '/home/danscarryus/InternRos2/MagangBayu24-ROS2/tugas2/install/pubs_and_subs' for CMake module files
[3.796s] Level 1:colcon.colcon_core.environment:checking '/home/danscarryus/InternRos2/MagangBayu24-ROS2/tugas2/install/pubs_and_subs' for CMake config files
[3.796s] Level 1:colcon.colcon_core.shell:create_environment_hook('pubs_and_subs', 'cmake_prefix_path')
[3.817s] INFO:colcon.colcon_core.shell:Creating environment hook '/home/danscarryus/InternRos2/MagangBayu24-ROS2/tugas2/install/pubs_and_subs/share/pubs_and_subs/hook/cmake_prefix_path.ps1'
[3.819s] INFO:colcon.colcon_core.shell:Creating environment descriptor '/home/danscarryus/InternRos2/MagangBayu24-ROS2/tugas2/install/pubs_and_subs/share/pubs_and_subs/hook/cmake_prefix_path.dsv'
[3.819s] INFO:colcon.colcon_core.shell:Creating environment hook '/home/danscarryus/InternRos2/MagangBayu24-ROS2/tugas2/install/pubs_and_subs/share/pubs_and_subs/hook/cmake_prefix_path.sh'
[3.821s] Level 1:colcon.colcon_core.environment:checking '/home/danscarryus/InternRos2/MagangBayu24-ROS2/tugas2/install/pubs_and_subs/lib'
[3.821s] Level 1:colcon.colcon_core.environment:checking '/home/danscarryus/InternRos2/MagangBayu24-ROS2/tugas2/install/pubs_and_subs/bin'
[3.821s] Level 1:colcon.colcon_core.environment:checking '/home/danscarryus/InternRos2/MagangBayu24-ROS2/tugas2/install/pubs_and_subs/lib/pkgconfig/pubs_and_subs.pc'
[3.822s] Level 1:colcon.colcon_core.environment:checking '/home/danscarryus/InternRos2/MagangBayu24-ROS2/tugas2/install/pubs_and_subs/lib/python3.8/site-packages'
[3.823s] Level 1:colcon.colcon_core.environment:checking '/home/danscarryus/InternRos2/MagangBayu24-ROS2/tugas2/install/pubs_and_subs/bin'
[3.851s] INFO:colcon.colcon_core.shell:Creating package script '/home/danscarryus/InternRos2/MagangBayu24-ROS2/tugas2/install/pubs_and_subs/share/pubs_and_subs/package.ps1'
[3.852s] INFO:colcon.colcon_core.shell:Creating package descriptor '/home/danscarryus/InternRos2/MagangBayu24-ROS2/tugas2/install/pubs_and_subs/share/pubs_and_subs/package.dsv'
[3.853s] INFO:colcon.colcon_core.shell:Creating package script '/home/danscarryus/InternRos2/MagangBayu24-ROS2/tugas2/install/pubs_and_subs/share/pubs_and_subs/package.sh'
[3.853s] INFO:colcon.colcon_core.shell:Creating package script '/home/danscarryus/InternRos2/MagangBayu24-ROS2/tugas2/install/pubs_and_subs/share/pubs_and_subs/package.bash'
[3.854s] INFO:colcon.colcon_core.shell:Creating package script '/home/danscarryus/InternRos2/MagangBayu24-ROS2/tugas2/install/pubs_and_subs/share/pubs_and_subs/package.zsh'
[3.855s] Level 1:colcon.colcon_core.environment:create_file_with_runtime_dependencies(/home/danscarryus/InternRos2/MagangBayu24-ROS2/tugas2/install/pubs_and_subs/share/colcon-core/packages/pubs_and_subs)
[3.914s] Level 1:colcon.colcon_core.environment:create_environment_scripts_only(pubs_and_subs)
[3.938s] Level 1:colcon.colcon_core.environment:checking '/home/danscarryus/InternRos2/MagangBayu24-ROS2/tugas2/install/pubs_and_subs' for CMake module files
[3.938s] Level 1:colcon.colcon_core.environment:checking '/home/danscarryus/InternRos2/MagangBayu24-ROS2/tugas2/install/pubs_and_subs' for CMake config files
[3.939s] Level 1:colcon.colcon_core.shell:create_environment_hook('pubs_and_subs', 'cmake_prefix_path')
[3.957s] INFO:colcon.colcon_core.shell:Creating environment hook '/home/danscarryus/InternRos2/MagangBayu24-ROS2/tugas2/install/pubs_and_subs/share/pubs_and_subs/hook/cmake_prefix_path.ps1'
[3.958s] INFO:colcon.colcon_core.shell:Creating environment descriptor '/home/danscarryus/InternRos2/MagangBayu24-ROS2/tugas2/install/pubs_and_subs/share/pubs_and_subs/hook/cmake_prefix_path.dsv'
[3.958s] INFO:colcon.colcon_core.shell:Creating environment hook '/home/danscarryus/InternRos2/MagangBayu24-ROS2/tugas2/install/pubs_and_subs/share/pubs_and_subs/hook/cmake_prefix_path.sh'
[3.959s] Level 1:colcon.colcon_core.environment:checking '/home/danscarryus/InternRos2/MagangBayu24-ROS2/tugas2/install/pubs_and_subs/lib'
[3.959s] Level 1:colcon.colcon_core.environment:checking '/home/danscarryus/InternRos2/MagangBayu24-ROS2/tugas2/install/pubs_and_subs/bin'
[3.959s] Level 1:colcon.colcon_core.environment:checking '/home/danscarryus/InternRos2/MagangBayu24-ROS2/tugas2/install/pubs_and_subs/lib/pkgconfig/pubs_and_subs.pc'
[3.959s] Level 1:colcon.colcon_core.environment:checking '/home/danscarryus/InternRos2/MagangBayu24-ROS2/tugas2/install/pubs_and_subs/lib/python3.8/site-packages'
[3.959s] Level 1:colcon.colcon_core.environment:checking '/home/danscarryus/InternRos2/MagangBayu24-ROS2/tugas2/install/pubs_and_subs/bin'
[3.975s] INFO:colcon.colcon_core.shell:Creating package script '/home/danscarryus/InternRos2/MagangBayu24-ROS2/tugas2/install/pubs_and_subs/share/pubs_and_subs/package.ps1'
[3.975s] INFO:colcon.colcon_core.shell:Creating package descriptor '/home/danscarryus/InternRos2/MagangBayu24-ROS2/tugas2/install/pubs_and_subs/share/pubs_and_subs/package.dsv'
[3.975s] INFO:colcon.colcon_core.shell:Creating package script '/home/danscarryus/InternRos2/MagangBayu24-ROS2/tugas2/install/pubs_and_subs/share/pubs_and_subs/package.sh'
[3.976s] INFO:colcon.colcon_core.shell:Creating package script '/home/danscarryus/InternRos2/MagangBayu24-ROS2/tugas2/install/pubs_and_subs/share/pubs_and_subs/package.bash'
[3.976s] INFO:colcon.colcon_core.shell:Creating package script '/home/danscarryus/InternRos2/MagangBayu24-ROS2/tugas2/install/pubs_and_subs/share/pubs_and_subs/package.zsh'
[3.976s] Level 1:colcon.colcon_core.environment:create_file_with_runtime_dependencies(/home/danscarryus/InternRos2/MagangBayu24-ROS2/tugas2/install/pubs_and_subs/share/colcon-core/packages/pubs_and_subs)
[3.976s] DEBUG:colcon.colcon_parallel_executor.executor.parallel:closing loop
[3.977s] DEBUG:colcon.colcon_parallel_executor.executor.parallel:loop closed
[3.977s] DEBUG:colcon.colcon_parallel_executor.executor.parallel:run_until_complete finished with '0'
[3.977s] DEBUG:colcon.colcon_core.event_reactor:joining thread
[3.996s] INFO:colcon.colcon_core.plugin_system:Skipping extension 'colcon_notification.desktop_notification.terminal_notifier': Not used on non-Darwin systems
[3.996s] INFO:colcon.colcon_core.plugin_system:Skipping extension 'colcon_notification.desktop_notification.win32': Not used on non-Windows systems
[3.996s] INFO:colcon.colcon_notification.desktop_notification:Sending desktop notification using 'notify2'
[4.013s] DEBUG:colcon.colcon_core.event_reactor:joined thread
[4.031s] INFO:colcon.colcon_core.shell:Creating prefix script '/home/danscarryus/InternRos2/MagangBayu24-ROS2/tugas2/install/local_setup.ps1'
[4.032s] INFO:colcon.colcon_core.shell:Creating prefix util module '/home/danscarryus/InternRos2/MagangBayu24-ROS2/tugas2/install/_local_setup_util_ps1.py'
[4.033s] INFO:colcon.colcon_core.shell:Creating prefix chain script '/home/danscarryus/InternRos2/MagangBayu24-ROS2/tugas2/install/setup.ps1'
[4.053s] INFO:colcon.colcon_core.shell:Creating prefix script '/home/danscarryus/InternRos2/MagangBayu24-ROS2/tugas2/install/local_setup.sh'
[4.054s] INFO:colcon.colcon_core.shell:Creating prefix util module '/home/danscarryus/InternRos2/MagangBayu24-ROS2/tugas2/install/_local_setup_util_sh.py'
[4.055s] INFO:colcon.colcon_core.shell:Creating prefix chain script '/home/danscarryus/InternRos2/MagangBayu24-ROS2/tugas2/install/setup.sh'
[4.068s] INFO:colcon.colcon_core.shell:Creating prefix script '/home/danscarryus/InternRos2/MagangBayu24-ROS2/tugas2/install/local_setup.bash'
[4.068s] INFO:colcon.colcon_core.shell:Creating prefix chain script '/home/danscarryus/InternRos2/MagangBayu24-ROS2/tugas2/install/setup.bash'
[4.083s] INFO:colcon.colcon_core.shell:Creating prefix script '/home/danscarryus/InternRos2/MagangBayu24-ROS2/tugas2/install/local_setup.zsh'
[4.083s] INFO:colcon.colcon_core.shell:Creating prefix chain script '/home/danscarryus/InternRos2/MagangBayu24-ROS2/tugas2/install/setup.zsh'
