[0.080s] Invoking command in '/home/danscarryus/InternRos2/MagangBayu24-ROS2/tugas2/build/pubs_and_subs': CMAKE_PREFIX_PATH=${CMAKE_PREFIX_PATH}:/opt/ros/foxy /usr/bin/cmake --build /home/danscarryus/InternRos2/MagangBayu24-ROS2/tugas2/build/pubs_and_subs -- -j4 -l4
[0.118s] [35m[1mScanning dependencies of target talker2[0m
[0.133s] [ 33%] Built target listener
[0.133s] [ 50%] [32mBuilding CXX object CMakeFiles/talker2.dir/src/publisher-2.cpp.o[0m
[0.136s] [ 83%] Built target talker1
[2.074s] [100%] [32m[1mLinking CXX executable talker2[0m
[2.161s] [100%] Built target talker2
[2.172s] Invoked command in '/home/danscarryus/InternRos2/MagangBayu24-ROS2/tugas2/build/pubs_and_subs' returned '0': CMAKE_PREFIX_PATH=${CMAKE_PREFIX_PATH}:/opt/ros/foxy /usr/bin/cmake --build /home/danscarryus/InternRos2/MagangBayu24-ROS2/tugas2/build/pubs_and_subs -- -j4 -l4
[2.209s] Invoking command in '/home/danscarryus/InternRos2/MagangBayu24-ROS2/tugas2/build/pubs_and_subs': CMAKE_PREFIX_PATH=${CMAKE_PREFIX_PATH}:/opt/ros/foxy /usr/bin/cmake --install /home/danscarryus/InternRos2/MagangBayu24-ROS2/tugas2/build/pubs_and_subs
[2.214s] -- Install configuration: ""
[2.214s] -- Up-to-date: /home/danscarryus/InternRos2/MagangBayu24-ROS2/tugas2/install/pubs_and_subs/lib/pubs_and_subs/talker1
[2.214s] -- Installing: /home/danscarryus/InternRos2/MagangBayu24-ROS2/tugas2/install/pubs_and_subs/lib/pubs_and_subs/talker2
[2.215s] -- Set runtime path of "/home/danscarryus/InternRos2/MagangBayu24-ROS2/tugas2/install/pubs_and_subs/lib/pubs_and_subs/talker2" to ""
[2.215s] -- Up-to-date: /home/danscarryus/InternRos2/MagangBayu24-ROS2/tugas2/install/pubs_and_subs/lib/pubs_and_subs/listener
[2.215s] -- Up-to-date: /home/danscarryus/InternRos2/MagangBayu24-ROS2/tugas2/install/pubs_and_subs/share/ament_index/resource_index/package_run_dependencies/pubs_and_subs
[2.215s] -- Up-to-date: /home/danscarryus/InternRos2/MagangBayu24-ROS2/tugas2/install/pubs_and_subs/share/ament_index/resource_index/parent_prefix_path/pubs_and_subs
[2.216s] -- Up-to-date: /home/danscarryus/InternRos2/MagangBayu24-ROS2/tugas2/install/pubs_and_subs/share/pubs_and_subs/environment/ament_prefix_path.sh
[2.216s] -- Up-to-date: /home/danscarryus/InternRos2/MagangBayu24-ROS2/tugas2/install/pubs_and_subs/share/pubs_and_subs/environment/ament_prefix_path.dsv
[2.216s] -- Up-to-date: /home/danscarryus/InternRos2/MagangBayu24-ROS2/tugas2/install/pubs_and_subs/share/pubs_and_subs/environment/path.sh
[2.216s] -- Up-to-date: /home/danscarryus/InternRos2/MagangBayu24-ROS2/tugas2/install/pubs_and_subs/share/pubs_and_subs/environment/path.dsv
[2.216s] -- Up-to-date: /home/danscarryus/InternRos2/MagangBayu24-ROS2/tugas2/install/pubs_and_subs/share/pubs_and_subs/local_setup.bash
[2.216s] -- Up-to-date: /home/danscarryus/InternRos2/MagangBayu24-ROS2/tugas2/install/pubs_and_subs/share/pubs_and_subs/local_setup.sh
[2.216s] -- Up-to-date: /home/danscarryus/InternRos2/MagangBayu24-ROS2/tugas2/install/pubs_and_subs/share/pubs_and_subs/local_setup.zsh
[2.217s] -- Up-to-date: /home/danscarryus/InternRos2/MagangBayu24-ROS2/tugas2/install/pubs_and_subs/share/pubs_and_subs/local_setup.dsv
[2.217s] -- Installing: /home/danscarryus/InternRos2/MagangBayu24-ROS2/tugas2/install/pubs_and_subs/share/pubs_and_subs/package.dsv
[2.217s] -- Up-to-date: /home/danscarryus/InternRos2/MagangBayu24-ROS2/tugas2/install/pubs_and_subs/share/ament_index/resource_index/packages/pubs_and_subs
[2.217s] -- Up-to-date: /home/danscarryus/InternRos2/MagangBayu24-ROS2/tugas2/install/pubs_and_subs/share/pubs_and_subs/cmake/pubs_and_subsConfig.cmake
[2.217s] -- Up-to-date: /home/danscarryus/InternRos2/MagangBayu24-ROS2/tugas2/install/pubs_and_subs/share/pubs_and_subs/cmake/pubs_and_subsConfig-version.cmake
[2.217s] -- Up-to-date: /home/danscarryus/InternRos2/MagangBayu24-ROS2/tugas2/install/pubs_and_subs/share/pubs_and_subs/package.xml
[2.219s] Invoked command in '/home/danscarryus/InternRos2/MagangBayu24-ROS2/tugas2/build/pubs_and_subs' returned '0': CMAKE_PREFIX_PATH=${CMAKE_PREFIX_PATH}:/opt/ros/foxy /usr/bin/cmake --install /home/danscarryus/InternRos2/MagangBayu24-ROS2/tugas2/build/pubs_and_subs
