[0.070s] Invoking command in '/home/danscarryus/InternRos2/MagangBayu24-ROS2/tugas2/build/pubs_and_subs': CMAKE_PREFIX_PATH=${CMAKE_PREFIX_PATH}:/opt/ros/foxy /usr/bin/cmake --build /home/danscarryus/InternRos2/MagangBayu24-ROS2/tugas2/build/pubs_and_subs -- -j4 -l4
[0.098s] [35m[1mScanning dependencies of target listener[0m
[0.114s] [ 33%] Built target talker2
[0.117s] [ 50%] [32mBuilding CXX object CMakeFiles/listener.dir/src/subscriber-main.cpp.o[0m
[0.117s] [ 83%] Built target talker1
[0.125s] [01m[K/home/danscarryus/InternRos2/MagangBayu24-ROS2/tugas2/src/pubs_and_subs/src/subscriber-main.cpp:1:3:[m[K [01;31m[Kerror: [m[Kinvalid preprocessing directive #<
[0.125s]     1 | # [01;31m[K<[m[Kmemory>
[0.125s]       |   [01;31m[K^[m[K
[0.917s] [01m[K/home/danscarryus/InternRos2/MagangBayu24-ROS2/tugas2/src/pubs_and_subs/src/subscriber-main.cpp:[m[K In constructor ‘[01m[KMySubscriber::MySubscriber()[m[K’:
[0.918s] [01m[K/home/danscarryus/InternRos2/MagangBayu24-ROS2/tugas2/src/pubs_and_subs/src/subscriber-main.cpp:13:71:[m[K [01;31m[Kerror: [m[K‘[01m[K_1[m[K’ was not declared in this scope; did you mean ‘[01m[Kstd::placeholders::_1[m[K’?
[0.918s]    13 |       "topic_1", 10, std::bind(&MySubscriber::topic_callback_1, this, [01;31m[K_1[m[K));
[0.918s]       |                                                                       [01;31m[K^~[m[K
[0.918s]       |                                                                       [32m[Kstd::placeholders::_1[m[K
[0.918s] In file included from [01m[K/opt/ros/foxy/include/rclcpp/context.hpp:19[m[K,
[0.918s]                  from [01m[K/opt/ros/foxy/include/rclcpp/contexts/default_context.hpp:18[m[K,
[0.918s]                  from [01m[K/opt/ros/foxy/include/rclcpp/executor.hpp:32[m[K,
[0.918s]                  from [01m[K/opt/ros/foxy/include/rclcpp/executors/multi_threaded_executor.hpp:26[m[K,
[0.918s]                  from [01m[K/opt/ros/foxy/include/rclcpp/executors.hpp:21[m[K,
[0.918s]                  from [01m[K/opt/ros/foxy/include/rclcpp/rclcpp.hpp:146[m[K,
[0.918s]                  from [01m[K/home/danscarryus/InternRos2/MagangBayu24-ROS2/tugas2/src/pubs_and_subs/src/subscriber-main.cpp:4[m[K:
[0.918s] [01m[K/usr/include/c++/9/functional:211:34:[m[K [01;36m[Knote: [m[K‘[01m[Kstd::placeholders::_1[m[K’ declared here
[0.918s]   211 |     extern const _Placeholder<1> [01;36m[K_1[m[K;
[0.918s]       |                                  [01;36m[K^~[m[K
[0.924s] [01m[K/home/danscarryus/InternRos2/MagangBayu24-ROS2/tugas2/src/pubs_and_subs/src/subscriber-main.cpp:[m[K In member function ‘[01m[Kvoid MySubscriber::topic_callback_1(std_msgs::msg::String_<std::allocator<void> >::SharedPtr) const[m[K’:
[0.924s] [01m[K/home/danscarryus/InternRos2/MagangBayu24-ROS2/tugas2/src/pubs_and_subs/src/subscriber-main.cpp:26:22:[m[K [01;31m[Kerror: [m[Kassignment of member ‘[01m[KMySubscriber::pub1_received_[m[K’ in read-only object
[0.924s]    26 |       [01;31m[Kpub1_received_ = true[m[K;
[0.924s]       |       [01;31m[K~~~~~~~~~~~~~~~^~~~~~[m[K
[0.924s] [01m[K/home/danscarryus/InternRos2/MagangBayu24-ROS2/tugas2/src/pubs_and_subs/src/subscriber-main.cpp:[m[K In member function ‘[01m[Kvoid MySubscriber::topic_callback_2(std_msgs::msg::String_<std::allocator<void> >::SharedPtr) const[m[K’:
[0.924s] [01m[K/home/danscarryus/InternRos2/MagangBayu24-ROS2/tugas2/src/pubs_and_subs/src/subscriber-main.cpp:34:22:[m[K [01;31m[Kerror: [m[Kassignment of member ‘[01m[KMySubscriber::pub2_received_[m[K’ in read-only object
[0.924s]    34 |       [01;31m[Kpub2_received_ = true[m[K;
[0.924s]       |       [01;31m[K~~~~~~~~~~~~~~~^~~~~~[m[K
[0.924s] [01m[K/home/danscarryus/InternRos2/MagangBayu24-ROS2/tugas2/src/pubs_and_subs/src/subscriber-main.cpp:[m[K In member function ‘[01m[Kvoid MySubscriber::timer_callback() const[m[K’:
[0.924s] [01m[K/home/danscarryus/InternRos2/MagangBayu24-ROS2/tugas2/src/pubs_and_subs/src/subscriber-main.cpp:49:20:[m[K [01;31m[Kerror: [m[Kassignment of member ‘[01m[KMySubscriber::pub1_received_[m[K’ in read-only object
[0.924s]    49 |     [01;31m[Kpub1_received_ = false[m[K;
[0.924s]       |     [01;31m[K~~~~~~~~~~~~~~~^~~~~~~[m[K
[0.924s] [01m[K/home/danscarryus/InternRos2/MagangBayu24-ROS2/tugas2/src/pubs_and_subs/src/subscriber-main.cpp:50:20:[m[K [01;31m[Kerror: [m[Kassignment of member ‘[01m[KMySubscriber::pub2_received_[m[K’ in read-only object
[0.924s]    50 |     [01;31m[Kpub2_received_ = false[m[K;
[0.924s]       |     [01;31m[K~~~~~~~~~~~~~~~^~~~~~~[m[K
[1.145s] make[2]: *** [CMakeFiles/listener.dir/build.make:63: CMakeFiles/listener.dir/src/subscriber-main.cpp.o] Error 1
[1.145s] make[1]: *** [CMakeFiles/Makefile2:82: CMakeFiles/listener.dir/all] Error 2
[1.147s] make: *** [Makefile:141: all] Error 2
[1.148s] Invoked command in '/home/danscarryus/InternRos2/MagangBayu24-ROS2/tugas2/build/pubs_and_subs' returned '2': CMAKE_PREFIX_PATH=${CMAKE_PREFIX_PATH}:/opt/ros/foxy /usr/bin/cmake --build /home/danscarryus/InternRos2/MagangBayu24-ROS2/tugas2/build/pubs_and_subs -- -j4 -l4
