[35m[1mScanning dependencies of target listener[0m
[ 16%] [32mBuilding CXX object CMakeFiles/listener.dir/src/subscriber-main.cpp.o[0m
[ 50%] Built target talker1
[ 83%] Built target talker2
[01m[K/home/danscarryus/InternRos2/MagangBayu24-ROS2/tugas2/src/pubs_and_subs/src/subscriber-main.cpp:[m[K In constructor ‘[01m[KMySubscriber::MySubscriber()[m[K’:
[01m[K/home/danscarryus/InternRos2/MagangBayu24-ROS2/tugas2/src/pubs_and_subs/src/subscriber-main.cpp:13:93:[m[K [01;31m[Kerror: [m[Kno match for ‘[01m[Koperator=[m[K’ (operand types are ‘[01m[Kstd::unique_ptr<rclcpp::Subscription<std_msgs::msg::String_<std::allocator<void> > > >[m[K’ and ‘[01m[Kstd::shared_ptr<rclcpp::Subscription<std_msgs::msg::String_<std::allocator<void> > > >[m[K’)
   13 |       "topic_1", 10, std::bind(&MySubscriber::topic_callback_1, this, std::placeholders::_1)[01;31m[K)[m[K;
      |                                                                                             [01;31m[K^[m[K
In file included from [01m[K/usr/include/c++/9/memory:80[m[K,
                 from [01m[K/home/danscarryus/InternRos2/MagangBayu24-ROS2/tugas2/src/pubs_and_subs/src/subscriber-main.cpp:1[m[K:
[01m[K/usr/include/c++/9/bits/unique_ptr.h:305:7:[m[K [01;36m[Knote: [m[Kcandidate: ‘[01m[Kstd::unique_ptr<_Tp, _Dp>& std::unique_ptr<_Tp, _Dp>::operator=(std::unique_ptr<_Tp, _Dp>&&) [with _Tp = rclcpp::Subscription<std_msgs::msg::String_<std::allocator<void> > >; _Dp = std::default_delete<rclcpp::Subscription<std_msgs::msg::String_<std::allocator<void> > > >][m[K’
  305 |       [01;36m[Koperator[m[K=(unique_ptr&& __u) noexcept
      |       [01;36m[K^~~~~~~~[m[K
[01m[K/usr/include/c++/9/bits/unique_ptr.h:305:30:[m[K [01;36m[Knote: [m[K  no known conversion for argument 1 from ‘[01m[Kstd::shared_ptr<rclcpp::Subscription<std_msgs::msg::String_<std::allocator<void> > > >[m[K’ to ‘[01m[Kstd::unique_ptr<rclcpp::Subscription<std_msgs::msg::String_<std::allocator<void> > > >&&[m[K’
  305 |       operator=([01;36m[Kunique_ptr&& __u[m[K) noexcept
      |                 [01;36m[K~~~~~~~~~~~~~^~~[m[K
[01m[K/usr/include/c++/9/bits/unique_ptr.h:325:2:[m[K [01;36m[Knote: [m[Kcandidate: ‘[01m[Ktemplate<class _Up, class _Ep> typename std::enable_if<std::__and_<std::__and_<std::is_convertible<typename std::unique_ptr<_Up, _Ep>::pointer, typename std::__uniq_ptr_impl<_Tp, _Dp>::pointer>, std::__not_<std::is_array<_Up> > >, std::is_assignable<_T2&, _U2&&> >::value, std::unique_ptr<_Tp, _Dp>&>::type std::unique_ptr<_Tp, _Dp>::operator=(std::unique_ptr<_Up, _Ep>&&) [with _Up = _Up; _Ep = _Ep; _Tp = rclcpp::Subscription<std_msgs::msg::String_<std::allocator<void> > >; _Dp = std::default_delete<rclcpp::Subscription<std_msgs::msg::String_<std::allocator<void> > > >][m[K’
  325 |  [01;36m[Koperator[m[K=(unique_ptr<_Up, _Ep>&& __u) noexcept
      |  [01;36m[K^~~~~~~~[m[K
[01m[K/usr/include/c++/9/bits/unique_ptr.h:325:2:[m[K [01;36m[Knote: [m[K  template argument deduction/substitution failed:
[01m[K/home/danscarryus/InternRos2/MagangBayu24-ROS2/tugas2/src/pubs_and_subs/src/subscriber-main.cpp:13:93:[m[K [01;36m[Knote: [m[K  ‘[01m[Kstd::shared_ptr<rclcpp::Subscription<std_msgs::msg::String_<std::allocator<void> > > >[m[K’ is not derived from ‘[01m[Kstd::unique_ptr<_Tp, _Dp>[m[K’
   13 |       "topic_1", 10, std::bind(&MySubscriber::topic_callback_1, this, std::placeholders::_1)[01;36m[K)[m[K;
      |                                                                                             [01;36m[K^[m[K
In file included from [01m[K/usr/include/c++/9/memory:80[m[K,
                 from [01m[K/home/danscarryus/InternRos2/MagangBayu24-ROS2/tugas2/src/pubs_and_subs/src/subscriber-main.cpp:1[m[K:
[01m[K/usr/include/c++/9/bits/unique_ptr.h:334:7:[m[K [01;36m[Knote: [m[Kcandidate: ‘[01m[Kstd::unique_ptr<_Tp, _Dp>& std::unique_ptr<_Tp, _Dp>::operator=(std::nullptr_t) [with _Tp = rclcpp::Subscription<std_msgs::msg::String_<std::allocator<void> > >; _Dp = std::default_delete<rclcpp::Subscription<std_msgs::msg::String_<std::allocator<void> > > >; std::nullptr_t = std::nullptr_t][m[K’
  334 |       [01;36m[Koperator[m[K=(nullptr_t) noexcept
      |       [01;36m[K^~~~~~~~[m[K
[01m[K/usr/include/c++/9/bits/unique_ptr.h:334:17:[m[K [01;36m[Knote: [m[K  no known conversion for argument 1 from ‘[01m[Kstd::shared_ptr<rclcpp::Subscription<std_msgs::msg::String_<std::allocator<void> > > >[m[K’ to ‘[01m[Kstd::nullptr_t[m[K’
  334 |       operator=([01;36m[Knullptr_t[m[K) noexcept
      |                 [01;36m[K^~~~~~~~~[m[K
[01m[K/home/danscarryus/InternRos2/MagangBayu24-ROS2/tugas2/src/pubs_and_subs/src/subscriber-main.cpp:16:93:[m[K [01;31m[Kerror: [m[Kno match for ‘[01m[Koperator=[m[K’ (operand types are ‘[01m[Kstd::unique_ptr<rclcpp::Subscription<std_msgs::msg::String_<std::allocator<void> > > >[m[K’ and ‘[01m[Kstd::shared_ptr<rclcpp::Subscription<std_msgs::msg::String_<std::allocator<void> > > >[m[K’)
   16 |       "topic_2", 10, std::bind(&MySubscriber::topic_callback_2, this, std::placeholders::_1)[01;31m[K)[m[K;
      |                                                                                             [01;31m[K^[m[K
In file included from [01m[K/usr/include/c++/9/memory:80[m[K,
                 from [01m[K/home/danscarryus/InternRos2/MagangBayu24-ROS2/tugas2/src/pubs_and_subs/src/subscriber-main.cpp:1[m[K:
[01m[K/usr/include/c++/9/bits/unique_ptr.h:305:7:[m[K [01;36m[Knote: [m[Kcandidate: ‘[01m[Kstd::unique_ptr<_Tp, _Dp>& std::unique_ptr<_Tp, _Dp>::operator=(std::unique_ptr<_Tp, _Dp>&&) [with _Tp = rclcpp::Subscription<std_msgs::msg::String_<std::allocator<void> > >; _Dp = std::default_delete<rclcpp::Subscription<std_msgs::msg::String_<std::allocator<void> > > >][m[K’
  305 |       [01;36m[Koperator[m[K=(unique_ptr&& __u) noexcept
      |       [01;36m[K^~~~~~~~[m[K
[01m[K/usr/include/c++/9/bits/unique_ptr.h:305:30:[m[K [01;36m[Knote: [m[K  no known conversion for argument 1 from ‘[01m[Kstd::shared_ptr<rclcpp::Subscription<std_msgs::msg::String_<std::allocator<void> > > >[m[K’ to ‘[01m[Kstd::unique_ptr<rclcpp::Subscription<std_msgs::msg::String_<std::allocator<void> > > >&&[m[K’
  305 |       operator=([01;36m[Kunique_ptr&& __u[m[K) noexcept
      |                 [01;36m[K~~~~~~~~~~~~~^~~[m[K
[01m[K/usr/include/c++/9/bits/unique_ptr.h:325:2:[m[K [01;36m[Knote: [m[Kcandidate: ‘[01m[Ktemplate<class _Up, class _Ep> typename std::enable_if<std::__and_<std::__and_<std::is_convertible<typename std::unique_ptr<_Up, _Ep>::pointer, typename std::__uniq_ptr_impl<_Tp, _Dp>::pointer>, std::__not_<std::is_array<_Up> > >, std::is_assignable<_T2&, _U2&&> >::value, std::unique_ptr<_Tp, _Dp>&>::type std::unique_ptr<_Tp, _Dp>::operator=(std::unique_ptr<_Up, _Ep>&&) [with _Up = _Up; _Ep = _Ep; _Tp = rclcpp::Subscription<std_msgs::msg::String_<std::allocator<void> > >; _Dp = std::default_delete<rclcpp::Subscription<std_msgs::msg::String_<std::allocator<void> > > >][m[K’
  325 |  [01;36m[Koperator[m[K=(unique_ptr<_Up, _Ep>&& __u) noexcept
      |  [01;36m[K^~~~~~~~[m[K
[01m[K/usr/include/c++/9/bits/unique_ptr.h:325:2:[m[K [01;36m[Knote: [m[K  template argument deduction/substitution failed:
[01m[K/home/danscarryus/InternRos2/MagangBayu24-ROS2/tugas2/src/pubs_and_subs/src/subscriber-main.cpp:16:93:[m[K [01;36m[Knote: [m[K  ‘[01m[Kstd::shared_ptr<rclcpp::Subscription<std_msgs::msg::String_<std::allocator<void> > > >[m[K’ is not derived from ‘[01m[Kstd::unique_ptr<_Tp, _Dp>[m[K’
   16 |       "topic_2", 10, std::bind(&MySubscriber::topic_callback_2, this, std::placeholders::_1)[01;36m[K)[m[K;
      |                                                                                             [01;36m[K^[m[K
In file included from [01m[K/usr/include/c++/9/memory:80[m[K,
                 from [01m[K/home/danscarryus/InternRos2/MagangBayu24-ROS2/tugas2/src/pubs_and_subs/src/subscriber-main.cpp:1[m[K:
[01m[K/usr/include/c++/9/bits/unique_ptr.h:334:7:[m[K [01;36m[Knote: [m[Kcandidate: ‘[01m[Kstd::unique_ptr<_Tp, _Dp>& std::unique_ptr<_Tp, _Dp>::operator=(std::nullptr_t) [with _Tp = rclcpp::Subscription<std_msgs::msg::String_<std::allocator<void> > >; _Dp = std::default_delete<rclcpp::Subscription<std_msgs::msg::String_<std::allocator<void> > > >; std::nullptr_t = std::nullptr_t][m[K’
  334 |       [01;36m[Koperator[m[K=(nullptr_t) noexcept
      |       [01;36m[K^~~~~~~~[m[K
[01m[K/usr/include/c++/9/bits/unique_ptr.h:334:17:[m[K [01;36m[Knote: [m[K  no known conversion for argument 1 from ‘[01m[Kstd::shared_ptr<rclcpp::Subscription<std_msgs::msg::String_<std::allocator<void> > > >[m[K’ to ‘[01m[Kstd::nullptr_t[m[K’
  334 |       operator=([01;36m[Knullptr_t[m[K) noexcept
      |                 [01;36m[K^~~~~~~~~[m[K
make[2]: *** [CMakeFiles/listener.dir/build.make:63: CMakeFiles/listener.dir/src/subscriber-main.cpp.o] Error 1
make[1]: *** [CMakeFiles/Makefile2:82: CMakeFiles/listener.dir/all] Error 2
make: *** [Makefile:141: all] Error 2
