[0.082s] Invoking command in '/home/danscarryus/InternRos2/MagangBayu24-ROS2/tugas1/build/taskmath': CMAKE_PREFIX_PATH=${CMAKE_PREFIX_PATH}:/opt/ros/foxy /usr/bin/cmake --build /home/danscarryus/InternRos2/MagangBayu24-ROS2/tugas1/build/taskmath -- -j4 -l4
[0.251s] [35m[1mScanning dependencies of target listener[0m
[0.252s] [35m[1mScanning dependencies of target talker[0m
[0.271s] [ 25%] [32mBuilding CXX object CMakeFiles/listener.dir/src/subscriber_member_function.cpp.o[0m
[0.290s] [ 50%] [32mBuilding CXX object CMakeFiles/talker.dir/src/publisher_member_function.cpp.o[0m
[6.203s] [ 75%] [32m[1mLinking CXX executable talker[0m
[6.611s] [ 75%] Built target talker
[8.094s] [100%] [32m[1mLinking CXX executable listener[0m
[8.232s] [100%] Built target listener
[8.262s] Invoked command in '/home/danscarryus/InternRos2/MagangBayu24-ROS2/tugas1/build/taskmath' returned '0': CMAKE_PREFIX_PATH=${CMAKE_PREFIX_PATH}:/opt/ros/foxy /usr/bin/cmake --build /home/danscarryus/InternRos2/MagangBayu24-ROS2/tugas1/build/taskmath -- -j4 -l4
[8.313s] Invoking command in '/home/danscarryus/InternRos2/MagangBayu24-ROS2/tugas1/build/taskmath': CMAKE_PREFIX_PATH=${CMAKE_PREFIX_PATH}:/opt/ros/foxy /usr/bin/cmake --install /home/danscarryus/InternRos2/MagangBayu24-ROS2/tugas1/build/taskmath
[8.324s] -- Install configuration: ""
[8.327s] -- Installing: /home/danscarryus/InternRos2/MagangBayu24-ROS2/tugas1/install/taskmath/lib/taskmath/talker
[8.328s] -- Set runtime path of "/home/danscarryus/InternRos2/MagangBayu24-ROS2/tugas1/install/taskmath/lib/taskmath/talker" to ""
[8.329s] -- Installing: /home/danscarryus/InternRos2/MagangBayu24-ROS2/tugas1/install/taskmath/lib/taskmath/listener
[8.330s] -- Set runtime path of "/home/danscarryus/InternRos2/MagangBayu24-ROS2/tugas1/install/taskmath/lib/taskmath/listener" to ""
[8.332s] -- Up-to-date: /home/danscarryus/InternRos2/MagangBayu24-ROS2/tugas1/install/taskmath/share/ament_index/resource_index/package_run_dependencies/taskmath
[8.333s] -- Up-to-date: /home/danscarryus/InternRos2/MagangBayu24-ROS2/tugas1/install/taskmath/share/ament_index/resource_index/parent_prefix_path/taskmath
[8.334s] -- Up-to-date: /home/danscarryus/InternRos2/MagangBayu24-ROS2/tugas1/install/taskmath/share/taskmath/environment/ament_prefix_path.sh
[8.335s] -- Up-to-date: /home/danscarryus/InternRos2/MagangBayu24-ROS2/tugas1/install/taskmath/share/taskmath/environment/ament_prefix_path.dsv
[8.335s] -- Up-to-date: /home/danscarryus/InternRos2/MagangBayu24-ROS2/tugas1/install/taskmath/share/taskmath/environment/path.sh
[8.335s] -- Up-to-date: /home/danscarryus/InternRos2/MagangBayu24-ROS2/tugas1/install/taskmath/share/taskmath/environment/path.dsv
[8.335s] -- Up-to-date: /home/danscarryus/InternRos2/MagangBayu24-ROS2/tugas1/install/taskmath/share/taskmath/local_setup.bash
[8.335s] -- Up-to-date: /home/danscarryus/InternRos2/MagangBayu24-ROS2/tugas1/install/taskmath/share/taskmath/local_setup.sh
[8.335s] -- Up-to-date: /home/danscarryus/InternRos2/MagangBayu24-ROS2/tugas1/install/taskmath/share/taskmath/local_setup.zsh
[8.335s] -- Up-to-date: /home/danscarryus/InternRos2/MagangBayu24-ROS2/tugas1/install/taskmath/share/taskmath/local_setup.dsv
[8.336s] -- Installing: /home/danscarryus/InternRos2/MagangBayu24-ROS2/tugas1/install/taskmath/share/taskmath/package.dsv
[8.336s] -- Up-to-date: /home/danscarryus/InternRos2/MagangBayu24-ROS2/tugas1/install/taskmath/share/ament_index/resource_index/packages/taskmath
[8.337s] -- Up-to-date: /home/danscarryus/InternRos2/MagangBayu24-ROS2/tugas1/install/taskmath/share/taskmath/cmake/taskmathConfig.cmake
[8.337s] -- Up-to-date: /home/danscarryus/InternRos2/MagangBayu24-ROS2/tugas1/install/taskmath/share/taskmath/cmake/taskmathConfig-version.cmake
[8.337s] -- Up-to-date: /home/danscarryus/InternRos2/MagangBayu24-ROS2/tugas1/install/taskmath/share/taskmath/package.xml
[8.339s] Invoked command in '/home/danscarryus/InternRos2/MagangBayu24-ROS2/tugas1/build/taskmath' returned '0': CMAKE_PREFIX_PATH=${CMAKE_PREFIX_PATH}:/opt/ros/foxy /usr/bin/cmake --install /home/danscarryus/InternRos2/MagangBayu24-ROS2/tugas1/build/taskmath
