[0.054s] Invoking command in '/home/danscarryus/InternRos2/MagangBayu24-ROS2/tugas2/build/pubs_and_subs': CMAKE_PREFIX_PATH=/opt/ros/foxy /usr/bin/cmake --build /home/danscarryus/InternRos2/MagangBayu24-ROS2/tugas2/build/pubs_and_subs -- -j4 -l4
[0.109s] [ 33%] Built target listener
[0.110s] [ 66%] Built target talker2
[0.115s] [100%] Built target talker1
[0.131s] Invoked command in '/home/danscarryus/InternRos2/MagangBayu24-ROS2/tugas2/build/pubs_and_subs' returned '0': CMAKE_PREFIX_PATH=/opt/ros/foxy /usr/bin/cmake --build /home/danscarryus/InternRos2/MagangBayu24-ROS2/tugas2/build/pubs_and_subs -- -j4 -l4
[0.160s] Invoking command in '/home/danscarryus/InternRos2/MagangBayu24-ROS2/tugas2/build/pubs_and_subs': CMAKE_PREFIX_PATH=/opt/ros/foxy /usr/bin/cmake --install /home/danscarryus/InternRos2/MagangBayu24-ROS2/tugas2/build/pubs_and_subs
[0.165s] -- Install configuration: ""
[0.165s] -- Up-to-date: /home/danscarryus/InternRos2/MagangBayu24-ROS2/tugas2/install/pubs_and_subs/lib/pubs_and_subs/talker1
[0.165s] -- Up-to-date: /home/danscarryus/InternRos2/MagangBayu24-ROS2/tugas2/install/pubs_and_subs/lib/pubs_and_subs/talker2
[0.165s] -- Up-to-date: /home/danscarryus/InternRos2/MagangBayu24-ROS2/tugas2/install/pubs_and_subs/lib/pubs_and_subs/listener
[0.165s] -- Up-to-date: /home/danscarryus/InternRos2/MagangBayu24-ROS2/tugas2/install/pubs_and_subs/share/ament_index/resource_index/package_run_dependencies/pubs_and_subs
[0.165s] -- Up-to-date: /home/danscarryus/InternRos2/MagangBayu24-ROS2/tugas2/install/pubs_and_subs/share/ament_index/resource_index/parent_prefix_path/pubs_and_subs
[0.165s] -- Up-to-date: /home/danscarryus/InternRos2/MagangBayu24-ROS2/tugas2/install/pubs_and_subs/share/pubs_and_subs/environment/ament_prefix_path.sh
[0.166s] -- Up-to-date: /home/danscarryus/InternRos2/MagangBayu24-ROS2/tugas2/install/pubs_and_subs/share/pubs_and_subs/environment/ament_prefix_path.dsv
[0.166s] -- Up-to-date: /home/danscarryus/InternRos2/MagangBayu24-ROS2/tugas2/install/pubs_and_subs/share/pubs_and_subs/environment/path.sh
[0.166s] -- Up-to-date: /home/danscarryus/InternRos2/MagangBayu24-ROS2/tugas2/install/pubs_and_subs/share/pubs_and_subs/environment/path.dsv
[0.166s] -- Up-to-date: /home/danscarryus/InternRos2/MagangBayu24-ROS2/tugas2/install/pubs_and_subs/share/pubs_and_subs/local_setup.bash
[0.166s] -- Up-to-date: /home/danscarryus/InternRos2/MagangBayu24-ROS2/tugas2/install/pubs_and_subs/share/pubs_and_subs/local_setup.sh
[0.166s] -- Up-to-date: /home/danscarryus/InternRos2/MagangBayu24-ROS2/tugas2/install/pubs_and_subs/share/pubs_and_subs/local_setup.zsh
[0.166s] -- Up-to-date: /home/danscarryus/InternRos2/MagangBayu24-ROS2/tugas2/install/pubs_and_subs/share/pubs_and_subs/local_setup.dsv
[0.166s] -- Installing: /home/danscarryus/InternRos2/MagangBayu24-ROS2/tugas2/install/pubs_and_subs/share/pubs_and_subs/package.dsv
[0.166s] -- Up-to-date: /home/danscarryus/InternRos2/MagangBayu24-ROS2/tugas2/install/pubs_and_subs/share/ament_index/resource_index/packages/pubs_and_subs
[0.166s] -- Up-to-date: /home/danscarryus/InternRos2/MagangBayu24-ROS2/tugas2/install/pubs_and_subs/share/pubs_and_subs/cmake/pubs_and_subsConfig.cmake
[0.166s] -- Up-to-date: /home/danscarryus/InternRos2/MagangBayu24-ROS2/tugas2/install/pubs_and_subs/share/pubs_and_subs/cmake/pubs_and_subsConfig-version.cmake
[0.166s] -- Up-to-date: /home/danscarryus/InternRos2/MagangBayu24-ROS2/tugas2/install/pubs_and_subs/share/pubs_and_subs/package.xml
[0.167s] Invoked command in '/home/danscarryus/InternRos2/MagangBayu24-ROS2/tugas2/build/pubs_and_subs' returned '0': CMAKE_PREFIX_PATH=/opt/ros/foxy /usr/bin/cmake --install /home/danscarryus/InternRos2/MagangBayu24-ROS2/tugas2/build/pubs_and_subs
