[0.523s] Invoking command in '/home/danscarryus/InternRos2/MagangBayu24-ROS2/tugas3/src/py_pubsub': PYTHONPATH=/home/danscarryus/InternRos2/MagangBayu24-ROS2/tugas3/build/py_pubsub/prefix_override:/home/danscarryus/InternRos2/MagangBayu24-ROS2/tugas3/install/py_pubsub/lib/python3.8/site-packages:${PYTHONPATH} /usr/bin/python3 setup.py egg_info --egg-base ../../build/py_pubsub build --build-base /home/danscarryus/InternRos2/MagangBayu24-ROS2/tugas3/build/py_pubsub/build install --record /home/danscarryus/InternRos2/MagangBayu24-ROS2/tugas3/build/py_pubsub/install.log --install-scripts $base/lib/py_pubsub --single-version-externally-managed
[0.611s] running egg_info
[0.611s] writing ../../build/py_pubsub/py_pubsub.egg-info/PKG-INFO
[0.612s] writing dependency_links to ../../build/py_pubsub/py_pubsub.egg-info/dependency_links.txt
[0.612s] writing entry points to ../../build/py_pubsub/py_pubsub.egg-info/entry_points.txt
[0.612s] writing requirements to ../../build/py_pubsub/py_pubsub.egg-info/requires.txt
[0.612s] writing top-level names to ../../build/py_pubsub/py_pubsub.egg-info/top_level.txt
[0.628s] reading manifest file '../../build/py_pubsub/py_pubsub.egg-info/SOURCES.txt'
[0.629s] writing manifest file '../../build/py_pubsub/py_pubsub.egg-info/SOURCES.txt'
[0.629s] running build
[0.629s] running build_py
[0.629s] running install
[0.630s] running install_lib
[0.630s] running install_data
[0.630s] running install_egg_info
[0.631s] removing '/home/danscarryus/InternRos2/MagangBayu24-ROS2/tugas3/install/py_pubsub/lib/python3.8/site-packages/py_pubsub-0.0.0-py3.8.egg-info' (and everything under it)
[0.632s] Copying ../../build/py_pubsub/py_pubsub.egg-info to /home/danscarryus/InternRos2/MagangBayu24-ROS2/tugas3/install/py_pubsub/lib/python3.8/site-packages/py_pubsub-0.0.0-py3.8.egg-info
[0.633s] running install_scripts
[0.640s] Installing talker script to /home/danscarryus/InternRos2/MagangBayu24-ROS2/tugas3/install/py_pubsub/lib/py_pubsub
[0.640s] writing list of installed files to '/home/danscarryus/InternRos2/MagangBayu24-ROS2/tugas3/build/py_pubsub/install.log'
[0.649s] Invoked command in '/home/danscarryus/InternRos2/MagangBayu24-ROS2/tugas3/src/py_pubsub' returned '0': PYTHONPATH=/home/danscarryus/InternRos2/MagangBayu24-ROS2/tugas3/build/py_pubsub/prefix_override:/home/danscarryus/InternRos2/MagangBayu24-ROS2/tugas3/install/py_pubsub/lib/python3.8/site-packages:${PYTHONPATH} /usr/bin/python3 setup.py egg_info --egg-base ../../build/py_pubsub build --build-base /home/danscarryus/InternRos2/MagangBayu24-ROS2/tugas3/build/py_pubsub/build install --record /home/danscarryus/InternRos2/MagangBayu24-ROS2/tugas3/build/py_pubsub/install.log --install-scripts $base/lib/py_pubsub --single-version-externally-managed
