[0.069s] Invoking command in '/home/danscarryus/InternRos2/MagangBayu24-ROS2/tugas2/build/pubs_and_subs': CMAKE_PREFIX_PATH=${CMAKE_PREFIX_PATH}:/opt/ros/foxy /usr/bin/cmake --build /home/danscarryus/InternRos2/MagangBayu24-ROS2/tugas2/build/pubs_and_subs -- -j4 -l4
[0.108s] [35m[1mScanning dependencies of target listener[0m
[0.119s] [ 33%] Built target talker1
[0.125s] [ 50%] [32mBuilding CXX object CMakeFiles/listener.dir/src/subscriber-main.cpp.o[0m
[0.127s] [ 83%] Built target talker2
[0.959s] [01m[K/home/danscarryus/InternRos2/MagangBayu24-ROS2/tugas2/src/pubs_and_subs/src/subscriber-main.cpp:[m[K In member function ‘[01m[Kvoid MySubscriber::topic_callback(std_msgs::msg::String_<std::allocator<void> >::SharedPtr) const[m[K’:
[0.959s] [01m[K/home/danscarryus/InternRos2/MagangBayu24-ROS2/tugas2/src/pubs_and_subs/src/subscriber-main.cpp:35:47:[m[K [01;31m[Kerror: [m[Kexpected primary-expression before ‘[01m[Kconst[m[K’
[0.960s]    35 |     rclcpp::Time start_time = this->get_clock([01;31m[Kconst[m[K)->now();
[0.960s]       |                                               [01;31m[K^~~~~[m[K
[0.960s] [01m[K/home/danscarryus/InternRos2/MagangBayu24-ROS2/tugas2/src/pubs_and_subs/src/subscriber-main.cpp:37:74:[m[K [01;31m[Kerror: [m[Kpassing ‘[01m[Kstd::__shared_ptr_access<const rclcpp::Clock, __gnu_cxx::_S_atomic, false, false>::element_type[m[K’ {aka ‘[01m[Kconst rclcpp::Clock[m[K’} as ‘[01m[Kthis[m[K’ argument discards qualifiers [[01;31m[K-fpermissive[m[K]
[0.960s]    37 | pub1 != "true" || pub2 != "true") && (this->get_clock()->now([01;31m[K)[m[K - start_time) < timeout)
[0.960s]       |                                                              [01;31m[K^[m[K
[0.961s] 
[0.961s] In file included from [01m[K/opt/ros/foxy/include/rclcpp/timer.hpp:27[m[K,
[0.961s]                  from [01m[K/opt/ros/foxy/include/rclcpp/callback_group.hpp:27[m[K,
[0.961s]                  from [01m[K/opt/ros/foxy/include/rclcpp/any_executable.hpp:20[m[K,
[0.961s]                  from [01m[K/opt/ros/foxy/include/rclcpp/memory_strategy.hpp:24[m[K,
[0.961s]                  from [01m[K/opt/ros/foxy/include/rclcpp/memory_strategies.hpp:18[m[K,
[0.961s]                  from [01m[K/opt/ros/foxy/include/rclcpp/executor_options.hpp:20[m[K,
[0.961s]                  from [01m[K/opt/ros/foxy/include/rclcpp/executor.hpp:33[m[K,
[0.962s]                  from [01m[K/opt/ros/foxy/include/rclcpp/executors/multi_threaded_executor.hpp:26[m[K,
[0.962s]                  from [01m[K/opt/ros/foxy/include/rclcpp/executors.hpp:21[m[K,
[0.962s]                  from [01m[K/opt/ros/foxy/include/rclcpp/rclcpp.hpp:146[m[K,
[0.962s]                  from [01m[K/home/danscarryus/InternRos2/MagangBayu24-ROS2/tugas2/src/pubs_and_subs/src/subscriber-main.cpp:4[m[K:
[0.962s] [01m[K/opt/ros/foxy/include/rclcpp/clock.hpp:79:3:[m[K [01;36m[Knote: [m[K  in call to ‘[01m[Krclcpp::Time rclcpp::Clock::now()[m[K’
[0.962s]    79 |   [01;36m[Know[m[K();
[0.962s]       |   [01;36m[K^~~[m[K
[0.962s] [01m[K/home/danscarryus/InternRos2/MagangBayu24-ROS2/tugas2/src/pubs_and_subs/src/subscriber-main.cpp:39:55:[m[K [01;31m[Kerror: [m[Kpassing ‘[01m[Kconst MySubscriber[m[K’ as ‘[01m[Kthis[m[K’ argument discards qualifiers [[01;31m[K-fpermissive[m[K]
[0.962s]    39 |       rclcpp::spin_some(this->get_node_base_interface([01;31m[K)[m[K);
[0.962s]       |                                                       [01;31m[K^[m[K
[0.962s] In file included from [01m[K/opt/ros/foxy/include/rclcpp/executors/single_threaded_executor.hpp:28[m[K,
[0.962s]                  from [01m[K/opt/ros/foxy/include/rclcpp/executors.hpp:22[m[K,
[0.962s]                  from [01m[K/opt/ros/foxy/include/rclcpp/rclcpp.hpp:146[m[K,
[0.962s]                  from [01m[K/home/danscarryus/InternRos2/MagangBayu24-ROS2/tugas2/src/pubs_and_subs/src/subscriber-main.cpp:4[m[K:
[0.962s] [01m[K/opt/ros/foxy/include/rclcpp/node.hpp:1030:3:[m[K [01;36m[Knote: [m[K  in call to ‘[01m[Krclcpp::node_interfaces::NodeBaseInterface::SharedPtr rclcpp::Node::get_node_base_interface()[m[K’
[0.962s]  1030 |   [01;36m[Kget_node_base_interface[m[K();
[0.962s]       |   [01;36m[K^~~~~~~~~~~~~~~~~~~~~~~[m[K
[1.651s] make[2]: *** [CMakeFiles/listener.dir/build.make:63: CMakeFiles/listener.dir/src/subscriber-main.cpp.o] Error 1
[1.652s] make[1]: *** [CMakeFiles/Makefile2:82: CMakeFiles/listener.dir/all] Error 2
[1.652s] make: *** [Makefile:141: all] Error 2
[1.656s] Invoked command in '/home/danscarryus/InternRos2/MagangBayu24-ROS2/tugas2/build/pubs_and_subs' returned '2': CMAKE_PREFIX_PATH=${CMAKE_PREFIX_PATH}:/opt/ros/foxy /usr/bin/cmake --build /home/danscarryus/InternRos2/MagangBayu24-ROS2/tugas2/build/pubs_and_subs -- -j4 -l4
