[0.068s] Invoking command in '/home/danscarryus/InternRos2/MagangBayu24-ROS2/tugas2/build/pubs_and_subs': CMAKE_PREFIX_PATH=${CMAKE_PREFIX_PATH}:/opt/ros/foxy /usr/bin/cmake --build /home/danscarryus/InternRos2/MagangBayu24-ROS2/tugas2/build/pubs_and_subs -- -j4 -l4
[0.113s] [35m[1mScanning dependencies of target listener[0m
[0.113s] [35m[1mScanning dependencies of target talker1[0m
[0.113s] [35m[1mScanning dependencies of target talker2[0m
[0.141s] [ 16%] [32mBuilding CXX object CMakeFiles/listener.dir/src/subscriber-main.cpp.o[0m
[0.144s] [ 33%] [32mBuilding CXX object CMakeFiles/talker1.dir/src/publisher-1.cpp.o[0m
[0.148s] [ 50%] [32mBuilding CXX object CMakeFiles/talker2.dir/src/publisher-2.cpp.o[0m
[1.268s] [01m[K/home/danscarryus/InternRos2/MagangBayu24-ROS2/tugas2/src/pubs_and_subs/src/subscriber-main.cpp:[m[K In member function ‘[01m[Kvoid MySubscriber::topic_callback(std_msgs::msg::String_<std::allocator<void> >::SharedPtr) const[m[K’:
[1.268s] [01m[K/home/danscarryus/InternRos2/MagangBayu24-ROS2/tugas2/src/pubs_and_subs/src/subscriber-main.cpp:35:54:[m[K [01;31m[Kerror: [m[Kpassing ‘[01m[Kstd::__shared_ptr_access<const rclcpp::Clock, __gnu_cxx::_S_atomic, false, false>::element_type[m[K’ {aka ‘[01m[Kconst rclcpp::Clock[m[K’} as ‘[01m[Kthis[m[K’ argument discards qualifiers [[01;31m[K-fpermissive[m[K]
[1.268s]    35 |     rclcpp::Time start_time = this->get_clock()->now([01;31m[K)[m[K;
[1.268s]       |                                                      [01;31m[K^[m[K
[1.268s] In file included from [01m[K/opt/ros/foxy/include/rclcpp/timer.hpp:27[m[K,
[1.269s]                  from [01m[K/opt/ros/foxy/include/rclcpp/callback_group.hpp:27[m[K,
[1.269s]                  from [01m[K/opt/ros/foxy/include/rclcpp/any_executable.hpp:20[m[K,
[1.269s]                  from [01m[K/opt/ros/foxy/include/rclcpp/memory_strategy.hpp:24[m[K,
[1.269s]                  from [01m[K/opt/ros/foxy/include/rclcpp/memory_strategies.hpp:18[m[K,
[1.269s]                  from [01m[K/opt/ros/foxy/include/rclcpp/executor_options.hpp:20[m[K,
[1.269s]                  from [01m[K/opt/ros/foxy/include/rclcpp/executor.hpp:33[m[K,
[1.269s]                  from [01m[K/opt/ros/foxy/include/rclcpp/executors/multi_threaded_executor.hpp:26[m[K,
[1.269s]                  from [01m[K/opt/ros/foxy/include/rclcpp/executors.hpp:21[m[K,
[1.269s]                  from [01m[K/opt/ros/foxy/include/rclcpp/rclcpp.hpp:146[m[K,
[1.269s]                  from [01m[K/home/danscarryus/InternRos2/MagangBayu24-ROS2/tugas2/src/pubs_and_subs/src/subscriber-main.cpp:4[m[K:
[1.269s] [01m[K/opt/ros/foxy/include/rclcpp/clock.hpp:79:3:[m[K [01;36m[Knote: [m[K  in call to ‘[01m[Krclcpp::Time rclcpp::Clock::now()[m[K’
[1.269s]    79 |   [01;36m[Know[m[K();
[1.269s]       |   [01;36m[K^~~[m[K
[1.269s] [01m[K/home/danscarryus/InternRos2/MagangBayu24-ROS2/tugas2/src/pubs_and_subs/src/subscriber-main.cpp:37:74:[m[K [01;31m[Kerror: [m[Kpassing ‘[01m[Kstd::__shared_ptr_access<const rclcpp::Clock, __gnu_cxx::_S_atomic, false, false>::element_type[m[K’ {aka ‘[01m[Kconst rclcpp::Clock[m[K’} as ‘[01m[Kthis[m[K’ argument discards qualifiers [[01;31m[K-fpermissive[m[K]
[1.269s]    37 | pub1 != "true" || pub2 != "true") && (this->get_clock()->now([01;31m[K)[m[K - start_time) < timeout)
[1.269s]       |                                                              [01;31m[K^[m[K
[1.269s] 
[1.269s] In file included from [01m[K/opt/ros/foxy/include/rclcpp/timer.hpp:27[m[K,
[1.269s]                  from [01m[K/opt/ros/foxy/include/rclcpp/callback_group.hpp:27[m[K,
[1.269s]                  from [01m[K/opt/ros/foxy/include/rclcpp/any_executable.hpp:20[m[K,
[1.269s]                  from [01m[K/opt/ros/foxy/include/rclcpp/memory_strategy.hpp:24[m[K,
[1.269s]                  from [01m[K/opt/ros/foxy/include/rclcpp/memory_strategies.hpp:18[m[K,
[1.269s]                  from [01m[K/opt/ros/foxy/include/rclcpp/executor_options.hpp:20[m[K,
[1.269s]                  from [01m[K/opt/ros/foxy/include/rclcpp/executor.hpp:33[m[K,
[1.269s]                  from [01m[K/opt/ros/foxy/include/rclcpp/executors/multi_threaded_executor.hpp:26[m[K,
[1.270s]                  from [01m[K/opt/ros/foxy/include/rclcpp/executors.hpp:21[m[K,
[1.270s]                  from [01m[K/opt/ros/foxy/include/rclcpp/rclcpp.hpp:146[m[K,
[1.270s]                  from [01m[K/home/danscarryus/InternRos2/MagangBayu24-ROS2/tugas2/src/pubs_and_subs/src/subscriber-main.cpp:4[m[K:
[1.270s] [01m[K/opt/ros/foxy/include/rclcpp/clock.hpp:79:3:[m[K [01;36m[Knote: [m[K  in call to ‘[01m[Krclcpp::Time rclcpp::Clock::now()[m[K’
[1.270s]    79 |   [01;36m[Know[m[K();
[1.270s]       |   [01;36m[K^~~[m[K
[1.270s] [01m[K/home/danscarryus/InternRos2/MagangBayu24-ROS2/tugas2/src/pubs_and_subs/src/subscriber-main.cpp:39:55:[m[K [01;31m[Kerror: [m[Kpassing ‘[01m[Kconst MySubscriber[m[K’ as ‘[01m[Kthis[m[K’ argument discards qualifiers [[01;31m[K-fpermissive[m[K]
[1.270s]    39 |       rclcpp::spin_some(this->get_node_base_interface([01;31m[K)[m[K);
[1.270s]       |                                                       [01;31m[K^[m[K
[1.270s] In file included from [01m[K/opt/ros/foxy/include/rclcpp/executors/single_threaded_executor.hpp:28[m[K,
[1.270s]                  from [01m[K/opt/ros/foxy/include/rclcpp/executors.hpp:22[m[K,
[1.270s]                  from [01m[K/opt/ros/foxy/include/rclcpp/rclcpp.hpp:146[m[K,
[1.270s]                  from [01m[K/home/danscarryus/InternRos2/MagangBayu24-ROS2/tugas2/src/pubs_and_subs/src/subscriber-main.cpp:4[m[K:
[1.270s] [01m[K/opt/ros/foxy/include/rclcpp/node.hpp:1030:3:[m[K [01;36m[Knote: [m[K  in call to ‘[01m[Krclcpp::node_interfaces::NodeBaseInterface::SharedPtr rclcpp::Node::get_node_base_interface()[m[K’
[1.270s]  1030 |   [01;36m[Kget_node_base_interface[m[K();
[1.270s]       |   [01;36m[K^~~~~~~~~~~~~~~~~~~~~~~[m[K
[2.915s] make[2]: *** [CMakeFiles/listener.dir/build.make:63: CMakeFiles/listener.dir/src/subscriber-main.cpp.o] Error 1
[2.915s] make[1]: *** [CMakeFiles/Makefile2:82: CMakeFiles/listener.dir/all] Error 2
[2.915s] make[1]: *** Waiting for unfinished jobs....
[3.015s] [ 66%] [32m[1mLinking CXX executable talker2[0m
[3.015s] [ 83%] [32m[1mLinking CXX executable talker1[0m
[3.167s] [ 83%] Built target talker2
[3.169s] [ 83%] Built target talker1
[3.170s] make: *** [Makefile:141: all] Error 2
[3.175s] Invoked command in '/home/danscarryus/InternRos2/MagangBayu24-ROS2/tugas2/build/pubs_and_subs' returned '2': CMAKE_PREFIX_PATH=${CMAKE_PREFIX_PATH}:/opt/ros/foxy /usr/bin/cmake --build /home/danscarryus/InternRos2/MagangBayu24-ROS2/tugas2/build/pubs_and_subs -- -j4 -l4
