[0.070s] Invoking command in '/home/danscarryus/InternRos2/MagangBayu24-ROS2/tugas2/build/pubs_and_subs': CMAKE_PREFIX_PATH=${CMAKE_PREFIX_PATH}:/opt/ros/foxy /usr/bin/cmake --build /home/danscarryus/InternRos2/MagangBayu24-ROS2/tugas2/build/pubs_and_subs -- -j4 -l4
[0.097s] [35m[1mScanning dependencies of target listener[0m
[0.115s] [ 33%] Built target talker2
[0.118s] [ 66%] Built target talker1
[0.121s] [ 83%] [32mBuilding CXX object CMakeFiles/listener.dir/src/subscriber-main.cpp.o[0m
[0.858s] [01m[K/home/danscarryus/InternRos2/MagangBayu24-ROS2/tugas2/src/pubs_and_subs/src/subscriber-main.cpp:[m[K In member function ‘[01m[Kvoid MySubscriber::topic_callback(std_msgs::msg::String_<std::allocator<void> >::SharedPtr) const[m[K’:
[0.859s] [01m[K/home/danscarryus/InternRos2/MagangBayu24-ROS2/tugas2/src/pubs_and_subs/src/subscriber-main.cpp:36:58:[m[K [01;31m[Kerror: [m[Kconversion from ‘[01m[Kshared_ptr<[01;32m[Kconst rclcpp::Clock[m[K>[m[K’ to non-scalar type ‘[01m[Kshared_ptr<[01;32m[Krclcpp::Clock[m[K>[m[K’ requested
[0.859s]    36 |     rclcpp::Clock::SharedPtr clock_copy = [01;31m[Kthis->get_clock()[m[K;
[0.859s]       |                                           [01;31m[K~~~~~~~~~~~~~~~^~[m[K
[0.859s] [01m[K/home/danscarryus/InternRos2/MagangBayu24-ROS2/tugas2/src/pubs_and_subs/src/subscriber-main.cpp:39:80:[m[K [01;31m[Kerror: [m[Kpassing ‘[01m[Kstd::__shared_ptr_access<const rclcpp::Clock, __gnu_cxx::_S_atomic, false, false>::element_type[m[K’ {aka ‘[01m[Kconst rclcpp::Clock[m[K’} as ‘[01m[Kthis[m[K’ argument discards qualifiers [[01;31m[K-fpermissive[m[K]
[0.859s]    39 | = "true" || pub2 != "true") && (const_this->get_clock()->now([01;31m[K)[m[K - start_time) < timeout)
[0.859s]       |                                                              [01;31m[K^[m[K
[0.859s] 
[0.859s] In file included from [01m[K/opt/ros/foxy/include/rclcpp/timer.hpp:27[m[K,
[0.859s]                  from [01m[K/opt/ros/foxy/include/rclcpp/callback_group.hpp:27[m[K,
[0.859s]                  from [01m[K/opt/ros/foxy/include/rclcpp/any_executable.hpp:20[m[K,
[0.859s]                  from [01m[K/opt/ros/foxy/include/rclcpp/memory_strategy.hpp:24[m[K,
[0.859s]                  from [01m[K/opt/ros/foxy/include/rclcpp/memory_strategies.hpp:18[m[K,
[0.859s]                  from [01m[K/opt/ros/foxy/include/rclcpp/executor_options.hpp:20[m[K,
[0.859s]                  from [01m[K/opt/ros/foxy/include/rclcpp/executor.hpp:33[m[K,
[0.859s]                  from [01m[K/opt/ros/foxy/include/rclcpp/executors/multi_threaded_executor.hpp:26[m[K,
[0.859s]                  from [01m[K/opt/ros/foxy/include/rclcpp/executors.hpp:21[m[K,
[0.859s]                  from [01m[K/opt/ros/foxy/include/rclcpp/rclcpp.hpp:146[m[K,
[0.859s]                  from [01m[K/home/danscarryus/InternRos2/MagangBayu24-ROS2/tugas2/src/pubs_and_subs/src/subscriber-main.cpp:4[m[K:
[0.860s] [01m[K/opt/ros/foxy/include/rclcpp/clock.hpp:79:3:[m[K [01;36m[Knote: [m[K  in call to ‘[01m[Krclcpp::Time rclcpp::Clock::now()[m[K’
[0.860s]    79 |   [01;36m[Know[m[K();
[0.860s]       |   [01;36m[K^~~[m[K
[0.860s] [01m[K/home/danscarryus/InternRos2/MagangBayu24-ROS2/tugas2/src/pubs_and_subs/src/subscriber-main.cpp:41:61:[m[K [01;31m[Kerror: [m[Kpassing ‘[01m[Kconst rclcpp::Node[m[K’ as ‘[01m[Kthis[m[K’ argument discards qualifiers [[01;31m[K-fpermissive[m[K]
[0.860s]    41 |       rclcpp::spin_some(const_this->get_node_base_interface([01;31m[K)[m[K);
[0.860s]       |                                                             [01;31m[K^[m[K
[0.860s] In file included from [01m[K/opt/ros/foxy/include/rclcpp/executors/single_threaded_executor.hpp:28[m[K,
[0.860s]                  from [01m[K/opt/ros/foxy/include/rclcpp/executors.hpp:22[m[K,
[0.860s]                  from [01m[K/opt/ros/foxy/include/rclcpp/rclcpp.hpp:146[m[K,
[0.860s]                  from [01m[K/home/danscarryus/InternRos2/MagangBayu24-ROS2/tugas2/src/pubs_and_subs/src/subscriber-main.cpp:4[m[K:
[0.860s] [01m[K/opt/ros/foxy/include/rclcpp/node.hpp:1030:3:[m[K [01;36m[Knote: [m[K  in call to ‘[01m[Krclcpp::node_interfaces::NodeBaseInterface::SharedPtr rclcpp::Node::get_node_base_interface()[m[K’
[0.860s]  1030 |   [01;36m[Kget_node_base_interface[m[K();
[0.860s]       |   [01;36m[K^~~~~~~~~~~~~~~~~~~~~~~[m[K
[1.574s] make[2]: *** [CMakeFiles/listener.dir/build.make:63: CMakeFiles/listener.dir/src/subscriber-main.cpp.o] Error 1
[1.574s] make[1]: *** [CMakeFiles/Makefile2:82: CMakeFiles/listener.dir/all] Error 2
[1.574s] make: *** [Makefile:141: all] Error 2
[1.578s] Invoked command in '/home/danscarryus/InternRos2/MagangBayu24-ROS2/tugas2/build/pubs_and_subs' returned '2': CMAKE_PREFIX_PATH=${CMAKE_PREFIX_PATH}:/opt/ros/foxy /usr/bin/cmake --build /home/danscarryus/InternRos2/MagangBayu24-ROS2/tugas2/build/pubs_and_subs -- -j4 -l4
