[35m[1mScanning dependencies of target listener[0m
[ 33%] Built target talker2
[ 66%] Built target talker1
[ 83%] [32mBuilding CXX object CMakeFiles/listener.dir/src/subscriber-main.cpp.o[0m
[01m[K/home/danscarryus/InternRos2/MagangBayu24-ROS2/tugas2/src/pubs_and_subs/src/subscriber-main.cpp:[m[K In member function ‘[01m[Kvoid MySubscriber::topic_callback(std_msgs::msg::String_<std::allocator<void> >::SharedPtr) const[m[K’:
[01m[K/home/danscarryus/InternRos2/MagangBayu24-ROS2/tugas2/src/pubs_and_subs/src/subscriber-main.cpp:22:30:[m[K [01;31m[Kerror: [m[K‘[01m[Kpub1[m[K’ was not declared in this scope
   22 |     if(received[10] == '1') {[01;31m[Kpub1[m[K = received;}
      |                              [01;31m[K^~~~[m[K
[01m[K/home/danscarryus/InternRos2/MagangBayu24-ROS2/tugas2/src/pubs_and_subs/src/subscriber-main.cpp:23:35:[m[K [01;31m[Kerror: [m[K‘[01m[Kpub2[m[K’ was not declared in this scope
   23 |     else if(received[10] == '2') {[01;31m[Kpub2[m[K = received;}
      |                                   [01;31m[K^~~~[m[K
[01m[K/home/danscarryus/InternRos2/MagangBayu24-ROS2/tugas2/src/pubs_and_subs/src/subscriber-main.cpp:25:8:[m[K [01;31m[Kerror: [m[K‘[01m[Kpub1[m[K’ was not declared in this scope
   25 |     if([01;31m[Kpub1[m[K != "empty" && pub2 != "empty")
      |        [01;31m[K^~~~[m[K
[01m[K/home/danscarryus/InternRos2/MagangBayu24-ROS2/tugas2/src/pubs_and_subs/src/subscriber-main.cpp:25:27:[m[K [01;31m[Kerror: [m[K‘[01m[Kpub2[m[K’ was not declared in this scope
   25 |     if(pub1 != "empty" && [01;31m[Kpub2[m[K != "empty")
      |                           [01;31m[K^~~~[m[K
make[2]: *** [CMakeFiles/listener.dir/build.make:63: CMakeFiles/listener.dir/src/subscriber-main.cpp.o] Error 1
make[1]: *** [CMakeFiles/Makefile2:82: CMakeFiles/listener.dir/all] Error 2
make: *** [Makefile:141: all] Error 2
