[0.085s] Invoking command in '/home/danscarryus/InternRos2/MagangBayu24-ROS2/tugas2/build/pubs_and_subs': CMAKE_PREFIX_PATH=${CMAKE_PREFIX_PATH}:/opt/ros/foxy /usr/bin/cmake --build /home/danscarryus/InternRos2/MagangBayu24-ROS2/tugas2/build/pubs_and_subs -- -j4 -l4
[0.152s] [35m[1mScanning dependencies of target listener[0m
[0.171s] [ 33%] Built target talker2
[0.183s] [ 66%] Built target talker1
[0.187s] [ 83%] [32mBuilding CXX object CMakeFiles/listener.dir/src/subscriber-main.cpp.o[0m
[1.196s] [01m[K/home/danscarryus/InternRos2/MagangBayu24-ROS2/tugas2/src/pubs_and_subs/src/subscriber-main.cpp:[m[K In member function ‘[01m[Kvoid MySubscriber::topic_callback(std_msgs::msg::String_<std::allocator<void> >::SharedPtr) const[m[K’:
[1.197s] [01m[K/home/danscarryus/InternRos2/MagangBayu24-ROS2/tugas2/src/pubs_and_subs/src/subscriber-main.cpp:22:30:[m[K [01;31m[Kerror: [m[K‘[01m[Kpub1[m[K’ was not declared in this scope
[1.197s]    22 |     if(received[10] == '1') {[01;31m[Kpub1[m[K = received;}
[1.197s]       |                              [01;31m[K^~~~[m[K
[1.197s] [01m[K/home/danscarryus/InternRos2/MagangBayu24-ROS2/tugas2/src/pubs_and_subs/src/subscriber-main.cpp:23:35:[m[K [01;31m[Kerror: [m[K‘[01m[Kpub2[m[K’ was not declared in this scope
[1.197s]    23 |     else if(received[10] == '2') {[01;31m[Kpub2[m[K = received;}
[1.197s]       |                                   [01;31m[K^~~~[m[K
[1.197s] [01m[K/home/danscarryus/InternRos2/MagangBayu24-ROS2/tugas2/src/pubs_and_subs/src/subscriber-main.cpp:25:8:[m[K [01;31m[Kerror: [m[K‘[01m[Kpub1[m[K’ was not declared in this scope
[1.197s]    25 |     if([01;31m[Kpub1[m[K != "empty" && pub2 != "empty")
[1.197s]       |        [01;31m[K^~~~[m[K
[1.197s] [01m[K/home/danscarryus/InternRos2/MagangBayu24-ROS2/tugas2/src/pubs_and_subs/src/subscriber-main.cpp:25:27:[m[K [01;31m[Kerror: [m[K‘[01m[Kpub2[m[K’ was not declared in this scope
[1.197s]    25 |     if(pub1 != "empty" && [01;31m[Kpub2[m[K != "empty")
[1.197s]       |                           [01;31m[K^~~~[m[K
[2.161s] make[2]: *** [CMakeFiles/listener.dir/build.make:63: CMakeFiles/listener.dir/src/subscriber-main.cpp.o] Error 1
[2.162s] make[1]: *** [CMakeFiles/Makefile2:82: CMakeFiles/listener.dir/all] Error 2
[2.162s] make: *** [Makefile:141: all] Error 2
[2.185s] Invoked command in '/home/danscarryus/InternRos2/MagangBayu24-ROS2/tugas2/build/pubs_and_subs' returned '2': CMAKE_PREFIX_PATH=${CMAKE_PREFIX_PATH}:/opt/ros/foxy /usr/bin/cmake --build /home/danscarryus/InternRos2/MagangBayu24-ROS2/tugas2/build/pubs_and_subs -- -j4 -l4
