[35m[1mScanning dependencies of target talker2[0m
[ 33%] Built target talker1
[ 66%] Built target listener
[ 83%] [32mBuilding CXX object CMakeFiles/talker2.dir/src/publisher-2.cpp.o[0m
[01m[K/home/danscarryus/InternRos2/MagangBayu24-ROS2/tugas2/src/pubs_and_subs/src/publisher-2.cpp:[m[K In member function ‘[01m[Kvoid MyPublisher2::timer_callback()[m[K’:
[01m[K/home/danscarryus/InternRos2/MagangBayu24-ROS2/tugas2/src/pubs_and_subs/src/publisher-2.cpp:26:45:[m[K [01;31m[Kerror: [m[Kno matching function for call to ‘[01m[Kto_string(const char [5])[m[K’
   26 |       message->data += std::to_string("true"[01;31m[K)[m[K;
      |                                             [01;31m[K^[m[K
In file included from [01m[K/usr/include/c++/9/string:55[m[K,
                 from [01m[K/usr/include/c++/9/stdexcept:39[m[K,
                 from [01m[K/usr/include/c++/9/array:39[m[K,
                 from [01m[K/usr/include/c++/9/tuple:39[m[K,
                 from [01m[K/usr/include/c++/9/bits/unique_ptr.h:37[m[K,
                 from [01m[K/usr/include/c++/9/memory:80[m[K,
                 from [01m[K/home/danscarryus/InternRos2/MagangBayu24-ROS2/tugas2/src/pubs_and_subs/src/publisher-2.cpp:2[m[K:
[01m[K/usr/include/c++/9/bits/basic_string.h:6549:3:[m[K [01;36m[Knote: [m[Kcandidate: ‘[01m[Kstd::string std::__cxx11::to_string(int)[m[K’ <near match>
 6549 |   [01;36m[Kto_string[m[K(int __val)
      |   [01;36m[K^~~~~~~~~[m[K
[01m[K/usr/include/c++/9/bits/basic_string.h:6549:3:[m[K [01;36m[Knote: [m[K  conversion of argument 1 would be ill-formed:
[01m[K/home/danscarryus/InternRos2/MagangBayu24-ROS2/tugas2/src/pubs_and_subs/src/publisher-2.cpp:26:39:[m[K [01;31m[Kerror: [m[Kinvalid conversion from ‘[01m[Kconst char*[m[K’ to ‘[01m[Kint[m[K’ [[01;31m[K-fpermissive[m[K]
   26 |       message->data += std::to_string([01;31m[K"true"[m[K);
      |                                       [01;31m[K^~~~~~[m[K
      |                                       [01;31m[K|[m[K
      |                                       [01;31m[Kconst char*[m[K
In file included from [01m[K/usr/include/c++/9/string:55[m[K,
                 from [01m[K/usr/include/c++/9/stdexcept:39[m[K,
                 from [01m[K/usr/include/c++/9/array:39[m[K,
                 from [01m[K/usr/include/c++/9/tuple:39[m[K,
                 from [01m[K/usr/include/c++/9/bits/unique_ptr.h:37[m[K,
                 from [01m[K/usr/include/c++/9/memory:80[m[K,
                 from [01m[K/home/danscarryus/InternRos2/MagangBayu24-ROS2/tugas2/src/pubs_and_subs/src/publisher-2.cpp:2[m[K:
[01m[K/usr/include/c++/9/bits/basic_string.h:6554:3:[m[K [01;36m[Knote: [m[Kcandidate: ‘[01m[Kstd::string std::__cxx11::to_string(unsigned int)[m[K’ <near match>
 6554 |   [01;36m[Kto_string[m[K(unsigned __val)
      |   [01;36m[K^~~~~~~~~[m[K
[01m[K/usr/include/c++/9/bits/basic_string.h:6554:3:[m[K [01;36m[Knote: [m[K  conversion of argument 1 would be ill-formed:
[01m[K/home/danscarryus/InternRos2/MagangBayu24-ROS2/tugas2/src/pubs_and_subs/src/publisher-2.cpp:26:39:[m[K [01;31m[Kerror: [m[Kinvalid conversion from ‘[01m[Kconst char*[m[K’ to ‘[01m[Kunsigned int[m[K’ [[01;31m[K-fpermissive[m[K]
   26 |       message->data += std::to_string([01;31m[K"true"[m[K);
      |                                       [01;31m[K^~~~~~[m[K
      |                                       [01;31m[K|[m[K
      |                                       [01;31m[Kconst char*[m[K
In file included from [01m[K/usr/include/c++/9/string:55[m[K,
                 from [01m[K/usr/include/c++/9/stdexcept:39[m[K,
                 from [01m[K/usr/include/c++/9/array:39[m[K,
                 from [01m[K/usr/include/c++/9/tuple:39[m[K,
                 from [01m[K/usr/include/c++/9/bits/unique_ptr.h:37[m[K,
                 from [01m[K/usr/include/c++/9/memory:80[m[K,
                 from [01m[K/home/danscarryus/InternRos2/MagangBayu24-ROS2/tugas2/src/pubs_and_subs/src/publisher-2.cpp:2[m[K:
[01m[K/usr/include/c++/9/bits/basic_string.h:6560:3:[m[K [01;36m[Knote: [m[Kcandidate: ‘[01m[Kstd::string std::__cxx11::to_string(long int)[m[K’ <near match>
 6560 |   [01;36m[Kto_string[m[K(long __val)
      |   [01;36m[K^~~~~~~~~[m[K
[01m[K/usr/include/c++/9/bits/basic_string.h:6560:3:[m[K [01;36m[Knote: [m[K  conversion of argument 1 would be ill-formed:
[01m[K/home/danscarryus/InternRos2/MagangBayu24-ROS2/tugas2/src/pubs_and_subs/src/publisher-2.cpp:26:39:[m[K [01;31m[Kerror: [m[Kinvalid conversion from ‘[01m[Kconst char*[m[K’ to ‘[01m[Klong int[m[K’ [[01;31m[K-fpermissive[m[K]
   26 |       message->data += std::to_string([01;31m[K"true"[m[K);
      |                                       [01;31m[K^~~~~~[m[K
      |                                       [01;31m[K|[m[K
      |                                       [01;31m[Kconst char*[m[K
In file included from [01m[K/usr/include/c++/9/string:55[m[K,
                 from [01m[K/usr/include/c++/9/stdexcept:39[m[K,
                 from [01m[K/usr/include/c++/9/array:39[m[K,
                 from [01m[K/usr/include/c++/9/tuple:39[m[K,
                 from [01m[K/usr/include/c++/9/bits/unique_ptr.h:37[m[K,
                 from [01m[K/usr/include/c++/9/memory:80[m[K,
                 from [01m[K/home/danscarryus/InternRos2/MagangBayu24-ROS2/tugas2/src/pubs_and_subs/src/publisher-2.cpp:2[m[K:
[01m[K/usr/include/c++/9/bits/basic_string.h:6565:3:[m[K [01;36m[Knote: [m[Kcandidate: ‘[01m[Kstd::string std::__cxx11::to_string(long unsigned int)[m[K’ <near match>
 6565 |   [01;36m[Kto_string[m[K(unsigned long __val)
      |   [01;36m[K^~~~~~~~~[m[K
[01m[K/usr/include/c++/9/bits/basic_string.h:6565:3:[m[K [01;36m[Knote: [m[K  conversion of argument 1 would be ill-formed:
[01m[K/home/danscarryus/InternRos2/MagangBayu24-ROS2/tugas2/src/pubs_and_subs/src/publisher-2.cpp:26:39:[m[K [01;31m[Kerror: [m[Kinvalid conversion from ‘[01m[Kconst char*[m[K’ to ‘[01m[Klong unsigned int[m[K’ [[01;31m[K-fpermissive[m[K]
   26 |       message->data += std::to_string([01;31m[K"true"[m[K);
      |                                       [01;31m[K^~~~~~[m[K
      |                                       [01;31m[K|[m[K
      |                                       [01;31m[Kconst char*[m[K
In file included from [01m[K/usr/include/c++/9/string:55[m[K,
                 from [01m[K/usr/include/c++/9/stdexcept:39[m[K,
                 from [01m[K/usr/include/c++/9/array:39[m[K,
                 from [01m[K/usr/include/c++/9/tuple:39[m[K,
                 from [01m[K/usr/include/c++/9/bits/unique_ptr.h:37[m[K,
                 from [01m[K/usr/include/c++/9/memory:80[m[K,
                 from [01m[K/home/danscarryus/InternRos2/MagangBayu24-ROS2/tugas2/src/pubs_and_subs/src/publisher-2.cpp:2[m[K:
[01m[K/usr/include/c++/9/bits/basic_string.h:6571:3:[m[K [01;36m[Knote: [m[Kcandidate: ‘[01m[Kstd::string std::__cxx11::to_string(long long int)[m[K’ <near match>
 6571 |   [01;36m[Kto_string[m[K(long long __val)
      |   [01;36m[K^~~~~~~~~[m[K
[01m[K/usr/include/c++/9/bits/basic_string.h:6571:3:[m[K [01;36m[Knote: [m[K  conversion of argument 1 would be ill-formed:
[01m[K/home/danscarryus/InternRos2/MagangBayu24-ROS2/tugas2/src/pubs_and_subs/src/publisher-2.cpp:26:39:[m[K [01;31m[Kerror: [m[Kinvalid conversion from ‘[01m[Kconst char*[m[K’ to ‘[01m[Klong long int[m[K’ [[01;31m[K-fpermissive[m[K]
   26 |       message->data += std::to_string([01;31m[K"true"[m[K);
      |                                       [01;31m[K^~~~~~[m[K
      |                                       [01;31m[K|[m[K
      |                                       [01;31m[Kconst char*[m[K
In file included from [01m[K/usr/include/c++/9/string:55[m[K,
                 from [01m[K/usr/include/c++/9/stdexcept:39[m[K,
                 from [01m[K/usr/include/c++/9/array:39[m[K,
                 from [01m[K/usr/include/c++/9/tuple:39[m[K,
                 from [01m[K/usr/include/c++/9/bits/unique_ptr.h:37[m[K,
                 from [01m[K/usr/include/c++/9/memory:80[m[K,
                 from [01m[K/home/danscarryus/InternRos2/MagangBayu24-ROS2/tugas2/src/pubs_and_subs/src/publisher-2.cpp:2[m[K:
[01m[K/usr/include/c++/9/bits/basic_string.h:6577:3:[m[K [01;36m[Knote: [m[Kcandidate: ‘[01m[Kstd::string std::__cxx11::to_string(long long unsigned int)[m[K’ <near match>
 6577 |   [01;36m[Kto_string[m[K(unsigned long long __val)
      |   [01;36m[K^~~~~~~~~[m[K
[01m[K/usr/include/c++/9/bits/basic_string.h:6577:3:[m[K [01;36m[Knote: [m[K  conversion of argument 1 would be ill-formed:
[01m[K/home/danscarryus/InternRos2/MagangBayu24-ROS2/tugas2/src/pubs_and_subs/src/publisher-2.cpp:26:39:[m[K [01;31m[Kerror: [m[Kinvalid conversion from ‘[01m[Kconst char*[m[K’ to ‘[01m[Klong long unsigned int[m[K’ [[01;31m[K-fpermissive[m[K]
   26 |       message->data += std::to_string([01;31m[K"true"[m[K);
      |                                       [01;31m[K^~~~~~[m[K
      |                                       [01;31m[K|[m[K
      |                                       [01;31m[Kconst char*[m[K
make[2]: *** [CMakeFiles/talker2.dir/build.make:63: CMakeFiles/talker2.dir/src/publisher-2.cpp.o] Error 1
make[1]: *** [CMakeFiles/Makefile2:109: CMakeFiles/talker2.dir/all] Error 2
make: *** [Makefile:141: all] Error 2
