[0.085s] Invoking command in '/home/danscarryus/InternRos2/MagangBayu24-ROS2/tugas2/build/pubs_and_subs': CMAKE_PREFIX_PATH=${CMAKE_PREFIX_PATH}:/opt/ros/foxy /usr/bin/cmake --build /home/danscarryus/InternRos2/MagangBayu24-ROS2/tugas2/build/pubs_and_subs -- -j4 -l4
[0.133s] [35m[1mScanning dependencies of target talker2[0m
[0.155s] [ 33%] Built target talker1
[0.160s] [ 66%] Built target listener
[0.168s] [ 83%] [32mBuilding CXX object CMakeFiles/talker2.dir/src/publisher-2.cpp.o[0m
[1.139s] [01m[K/home/danscarryus/InternRos2/MagangBayu24-ROS2/tugas2/src/pubs_and_subs/src/publisher-2.cpp:[m[K In member function ‘[01m[Kvoid MyPublisher2::timer_callback()[m[K’:
[1.140s] [01m[K/home/danscarryus/InternRos2/MagangBayu24-ROS2/tugas2/src/pubs_and_subs/src/publisher-2.cpp:26:45:[m[K [01;31m[Kerror: [m[Kno matching function for call to ‘[01m[Kto_string(const char [5])[m[K’
[1.140s]    26 |       message->data += std::to_string("true"[01;31m[K)[m[K;
[1.140s]       |                                             [01;31m[K^[m[K
[1.140s] In file included from [01m[K/usr/include/c++/9/string:55[m[K,
[1.140s]                  from [01m[K/usr/include/c++/9/stdexcept:39[m[K,
[1.140s]                  from [01m[K/usr/include/c++/9/array:39[m[K,
[1.140s]                  from [01m[K/usr/include/c++/9/tuple:39[m[K,
[1.140s]                  from [01m[K/usr/include/c++/9/bits/unique_ptr.h:37[m[K,
[1.140s]                  from [01m[K/usr/include/c++/9/memory:80[m[K,
[1.140s]                  from [01m[K/home/danscarryus/InternRos2/MagangBayu24-ROS2/tugas2/src/pubs_and_subs/src/publisher-2.cpp:2[m[K:
[1.140s] [01m[K/usr/include/c++/9/bits/basic_string.h:6549:3:[m[K [01;36m[Knote: [m[Kcandidate: ‘[01m[Kstd::string std::__cxx11::to_string(int)[m[K’ <near match>
[1.140s]  6549 |   [01;36m[Kto_string[m[K(int __val)
[1.140s]       |   [01;36m[K^~~~~~~~~[m[K
[1.140s] [01m[K/usr/include/c++/9/bits/basic_string.h:6549:3:[m[K [01;36m[Knote: [m[K  conversion of argument 1 would be ill-formed:
[1.140s] [01m[K/home/danscarryus/InternRos2/MagangBayu24-ROS2/tugas2/src/pubs_and_subs/src/publisher-2.cpp:26:39:[m[K [01;31m[Kerror: [m[Kinvalid conversion from ‘[01m[Kconst char*[m[K’ to ‘[01m[Kint[m[K’ [[01;31m[K-fpermissive[m[K]
[1.140s]    26 |       message->data += std::to_string([01;31m[K"true"[m[K);
[1.140s]       |                                       [01;31m[K^~~~~~[m[K
[1.140s]       |                                       [01;31m[K|[m[K
[1.140s]       |                                       [01;31m[Kconst char*[m[K
[1.140s] In file included from [01m[K/usr/include/c++/9/string:55[m[K,
[1.140s]                  from [01m[K/usr/include/c++/9/stdexcept:39[m[K,
[1.140s]                  from [01m[K/usr/include/c++/9/array:39[m[K,
[1.140s]                  from [01m[K/usr/include/c++/9/tuple:39[m[K,
[1.140s]                  from [01m[K/usr/include/c++/9/bits/unique_ptr.h:37[m[K,
[1.141s]                  from [01m[K/usr/include/c++/9/memory:80[m[K,
[1.141s]                  from [01m[K/home/danscarryus/InternRos2/MagangBayu24-ROS2/tugas2/src/pubs_and_subs/src/publisher-2.cpp:2[m[K:
[1.141s] [01m[K/usr/include/c++/9/bits/basic_string.h:6554:3:[m[K [01;36m[Knote: [m[Kcandidate: ‘[01m[Kstd::string std::__cxx11::to_string(unsigned int)[m[K’ <near match>
[1.141s]  6554 |   [01;36m[Kto_string[m[K(unsigned __val)
[1.141s]       |   [01;36m[K^~~~~~~~~[m[K
[1.141s] [01m[K/usr/include/c++/9/bits/basic_string.h:6554:3:[m[K [01;36m[Knote: [m[K  conversion of argument 1 would be ill-formed:
[1.141s] [01m[K/home/danscarryus/InternRos2/MagangBayu24-ROS2/tugas2/src/pubs_and_subs/src/publisher-2.cpp:26:39:[m[K [01;31m[Kerror: [m[Kinvalid conversion from ‘[01m[Kconst char*[m[K’ to ‘[01m[Kunsigned int[m[K’ [[01;31m[K-fpermissive[m[K]
[1.141s]    26 |       message->data += std::to_string([01;31m[K"true"[m[K);
[1.141s]       |                                       [01;31m[K^~~~~~[m[K
[1.141s]       |                                       [01;31m[K|[m[K
[1.141s]       |                                       [01;31m[Kconst char*[m[K
[1.141s] In file included from [01m[K/usr/include/c++/9/string:55[m[K,
[1.141s]                  from [01m[K/usr/include/c++/9/stdexcept:39[m[K,
[1.141s]                  from [01m[K/usr/include/c++/9/array:39[m[K,
[1.141s]                  from [01m[K/usr/include/c++/9/tuple:39[m[K,
[1.141s]                  from [01m[K/usr/include/c++/9/bits/unique_ptr.h:37[m[K,
[1.141s]                  from [01m[K/usr/include/c++/9/memory:80[m[K,
[1.141s]                  from [01m[K/home/danscarryus/InternRos2/MagangBayu24-ROS2/tugas2/src/pubs_and_subs/src/publisher-2.cpp:2[m[K:
[1.141s] [01m[K/usr/include/c++/9/bits/basic_string.h:6560:3:[m[K [01;36m[Knote: [m[Kcandidate: ‘[01m[Kstd::string std::__cxx11::to_string(long int)[m[K’ <near match>
[1.141s]  6560 |   [01;36m[Kto_string[m[K(long __val)
[1.141s]       |   [01;36m[K^~~~~~~~~[m[K
[1.141s] [01m[K/usr/include/c++/9/bits/basic_string.h:6560:3:[m[K [01;36m[Knote: [m[K  conversion of argument 1 would be ill-formed:
[1.141s] [01m[K/home/danscarryus/InternRos2/MagangBayu24-ROS2/tugas2/src/pubs_and_subs/src/publisher-2.cpp:26:39:[m[K [01;31m[Kerror: [m[Kinvalid conversion from ‘[01m[Kconst char*[m[K’ to ‘[01m[Klong int[m[K’ [[01;31m[K-fpermissive[m[K]
[1.141s]    26 |       message->data += std::to_string([01;31m[K"true"[m[K);
[1.141s]       |                                       [01;31m[K^~~~~~[m[K
[1.142s]       |                                       [01;31m[K|[m[K
[1.142s]       |                                       [01;31m[Kconst char*[m[K
[1.142s] In file included from [01m[K/usr/include/c++/9/string:55[m[K,
[1.142s]                  from [01m[K/usr/include/c++/9/stdexcept:39[m[K,
[1.142s]                  from [01m[K/usr/include/c++/9/array:39[m[K,
[1.142s]                  from [01m[K/usr/include/c++/9/tuple:39[m[K,
[1.142s]                  from [01m[K/usr/include/c++/9/bits/unique_ptr.h:37[m[K,
[1.142s]                  from [01m[K/usr/include/c++/9/memory:80[m[K,
[1.142s]                  from [01m[K/home/danscarryus/InternRos2/MagangBayu24-ROS2/tugas2/src/pubs_and_subs/src/publisher-2.cpp:2[m[K:
[1.142s] [01m[K/usr/include/c++/9/bits/basic_string.h:6565:3:[m[K [01;36m[Knote: [m[Kcandidate: ‘[01m[Kstd::string std::__cxx11::to_string(long unsigned int)[m[K’ <near match>
[1.142s]  6565 |   [01;36m[Kto_string[m[K(unsigned long __val)
[1.142s]       |   [01;36m[K^~~~~~~~~[m[K
[1.142s] [01m[K/usr/include/c++/9/bits/basic_string.h:6565:3:[m[K [01;36m[Knote: [m[K  conversion of argument 1 would be ill-formed:
[1.142s] [01m[K/home/danscarryus/InternRos2/MagangBayu24-ROS2/tugas2/src/pubs_and_subs/src/publisher-2.cpp:26:39:[m[K [01;31m[Kerror: [m[Kinvalid conversion from ‘[01m[Kconst char*[m[K’ to ‘[01m[Klong unsigned int[m[K’ [[01;31m[K-fpermissive[m[K]
[1.142s]    26 |       message->data += std::to_string([01;31m[K"true"[m[K);
[1.142s]       |                                       [01;31m[K^~~~~~[m[K
[1.142s]       |                                       [01;31m[K|[m[K
[1.142s]       |                                       [01;31m[Kconst char*[m[K
[1.142s] In file included from [01m[K/usr/include/c++/9/string:55[m[K,
[1.142s]                  from [01m[K/usr/include/c++/9/stdexcept:39[m[K,
[1.142s]                  from [01m[K/usr/include/c++/9/array:39[m[K,
[1.142s]                  from [01m[K/usr/include/c++/9/tuple:39[m[K,
[1.142s]                  from [01m[K/usr/include/c++/9/bits/unique_ptr.h:37[m[K,
[1.142s]                  from [01m[K/usr/include/c++/9/memory:80[m[K,
[1.142s]                  from [01m[K/home/danscarryus/InternRos2/MagangBayu24-ROS2/tugas2/src/pubs_and_subs/src/publisher-2.cpp:2[m[K:
[1.143s] [01m[K/usr/include/c++/9/bits/basic_string.h:6571:3:[m[K [01;36m[Knote: [m[Kcandidate: ‘[01m[Kstd::string std::__cxx11::to_string(long long int)[m[K’ <near match>
[1.143s]  6571 |   [01;36m[Kto_string[m[K(long long __val)
[1.143s]       |   [01;36m[K^~~~~~~~~[m[K
[1.143s] [01m[K/usr/include/c++/9/bits/basic_string.h:6571:3:[m[K [01;36m[Knote: [m[K  conversion of argument 1 would be ill-formed:
[1.143s] [01m[K/home/danscarryus/InternRos2/MagangBayu24-ROS2/tugas2/src/pubs_and_subs/src/publisher-2.cpp:26:39:[m[K [01;31m[Kerror: [m[Kinvalid conversion from ‘[01m[Kconst char*[m[K’ to ‘[01m[Klong long int[m[K’ [[01;31m[K-fpermissive[m[K]
[1.143s]    26 |       message->data += std::to_string([01;31m[K"true"[m[K);
[1.143s]       |                                       [01;31m[K^~~~~~[m[K
[1.143s]       |                                       [01;31m[K|[m[K
[1.143s]       |                                       [01;31m[Kconst char*[m[K
[1.143s] In file included from [01m[K/usr/include/c++/9/string:55[m[K,
[1.143s]                  from [01m[K/usr/include/c++/9/stdexcept:39[m[K,
[1.143s]                  from [01m[K/usr/include/c++/9/array:39[m[K,
[1.143s]                  from [01m[K/usr/include/c++/9/tuple:39[m[K,
[1.143s]                  from [01m[K/usr/include/c++/9/bits/unique_ptr.h:37[m[K,
[1.143s]                  from [01m[K/usr/include/c++/9/memory:80[m[K,
[1.143s]                  from [01m[K/home/danscarryus/InternRos2/MagangBayu24-ROS2/tugas2/src/pubs_and_subs/src/publisher-2.cpp:2[m[K:
[1.143s] [01m[K/usr/include/c++/9/bits/basic_string.h:6577:3:[m[K [01;36m[Knote: [m[Kcandidate: ‘[01m[Kstd::string std::__cxx11::to_string(long long unsigned int)[m[K’ <near match>
[1.143s]  6577 |   [01;36m[Kto_string[m[K(unsigned long long __val)
[1.143s]       |   [01;36m[K^~~~~~~~~[m[K
[1.143s] [01m[K/usr/include/c++/9/bits/basic_string.h:6577:3:[m[K [01;36m[Knote: [m[K  conversion of argument 1 would be ill-formed:
[1.143s] [01m[K/home/danscarryus/InternRos2/MagangBayu24-ROS2/tugas2/src/pubs_and_subs/src/publisher-2.cpp:26:39:[m[K [01;31m[Kerror: [m[Kinvalid conversion from ‘[01m[Kconst char*[m[K’ to ‘[01m[Klong long unsigned int[m[K’ [[01;31m[K-fpermissive[m[K]
[1.143s]    26 |       message->data += std::to_string([01;31m[K"true"[m[K);
[1.143s]       |                                       [01;31m[K^~~~~~[m[K
[1.143s]       |                                       [01;31m[K|[m[K
[1.143s]       |                                       [01;31m[Kconst char*[m[K
[1.700s] make[2]: *** [CMakeFiles/talker2.dir/build.make:63: CMakeFiles/talker2.dir/src/publisher-2.cpp.o] Error 1
[1.701s] make[1]: *** [CMakeFiles/Makefile2:109: CMakeFiles/talker2.dir/all] Error 2
[1.701s] make: *** [Makefile:141: all] Error 2
[1.711s] Invoked command in '/home/danscarryus/InternRos2/MagangBayu24-ROS2/tugas2/build/pubs_and_subs' returned '2': CMAKE_PREFIX_PATH=${CMAKE_PREFIX_PATH}:/opt/ros/foxy /usr/bin/cmake --build /home/danscarryus/InternRos2/MagangBayu24-ROS2/tugas2/build/pubs_and_subs -- -j4 -l4
