[0.074s] Invoking command in '/home/danscarryus/InternRos2/MagangBayu24-ROS2/tugas2/build/pubs_and_subs': CMAKE_PREFIX_PATH=${CMAKE_PREFIX_PATH}:/opt/ros/foxy /usr/bin/cmake --build /home/danscarryus/InternRos2/MagangBayu24-ROS2/tugas2/build/pubs_and_subs -- -j4 -l4
[0.218s] [35m[1mScanning dependencies of target talker2[0m
[0.241s] [35m[1mScanning dependencies of target listener[0m
[0.267s] [35m[1mScanning dependencies of target talker1[0m
[0.317s] [ 16%] [32mBuilding CXX object CMakeFiles/listener.dir/src/subscriber-main.cpp.o[0m
[0.318s] [ 33%] [32mBuilding CXX object CMakeFiles/talker2.dir/src/publisher-2.cpp.o[0m
[0.327s] [ 50%] [32mBuilding CXX object CMakeFiles/talker1.dir/src/publisher-1.cpp.o[0m
[5.538s] [ 66%] [32m[1mLinking CXX executable talker2[0m
[5.538s] [ 83%] [32m[1mLinking CXX executable talker1[0m
[5.853s] [ 83%] Built target talker1
[5.853s] [ 83%] Built target talker2
[7.237s] [100%] [32m[1mLinking CXX executable listener[0m
[7.538s] [100%] Built target listener
[7.571s] Invoked command in '/home/danscarryus/InternRos2/MagangBayu24-ROS2/tugas2/build/pubs_and_subs' returned '0': CMAKE_PREFIX_PATH=${CMAKE_PREFIX_PATH}:/opt/ros/foxy /usr/bin/cmake --build /home/danscarryus/InternRos2/MagangBayu24-ROS2/tugas2/build/pubs_and_subs -- -j4 -l4
[7.625s] Invoking command in '/home/danscarryus/InternRos2/MagangBayu24-ROS2/tugas2/build/pubs_and_subs': CMAKE_PREFIX_PATH=${CMAKE_PREFIX_PATH}:/opt/ros/foxy /usr/bin/cmake --install /home/danscarryus/InternRos2/MagangBayu24-ROS2/tugas2/build/pubs_and_subs
[7.632s] -- Install configuration: ""
[7.634s] -- Installing: /home/danscarryus/InternRos2/MagangBayu24-ROS2/tugas2/install/pubs_and_subs/lib/pubs_and_subs/talker1
[7.636s] -- Set runtime path of "/home/danscarryus/InternRos2/MagangBayu24-ROS2/tugas2/install/pubs_and_subs/lib/pubs_and_subs/talker1" to ""
[7.637s] -- Installing: /home/danscarryus/InternRos2/MagangBayu24-ROS2/tugas2/install/pubs_and_subs/lib/pubs_and_subs/talker2
[7.643s] -- Set runtime path of "/home/danscarryus/InternRos2/MagangBayu24-ROS2/tugas2/install/pubs_and_subs/lib/pubs_and_subs/talker2" to ""
[7.645s] -- Installing: /home/danscarryus/InternRos2/MagangBayu24-ROS2/tugas2/install/pubs_and_subs/lib/pubs_and_subs/listener
[7.649s] -- Set runtime path of "/home/danscarryus/InternRos2/MagangBayu24-ROS2/tugas2/install/pubs_and_subs/lib/pubs_and_subs/listener" to ""
[7.652s] -- Up-to-date: /home/danscarryus/InternRos2/MagangBayu24-ROS2/tugas2/install/pubs_and_subs/share/ament_index/resource_index/package_run_dependencies/pubs_and_subs
[7.652s] -- Up-to-date: /home/danscarryus/InternRos2/MagangBayu24-ROS2/tugas2/install/pubs_and_subs/share/ament_index/resource_index/parent_prefix_path/pubs_and_subs
[7.654s] -- Up-to-date: /home/danscarryus/InternRos2/MagangBayu24-ROS2/tugas2/install/pubs_and_subs/share/pubs_and_subs/environment/ament_prefix_path.sh
[7.655s] -- Up-to-date: /home/danscarryus/InternRos2/MagangBayu24-ROS2/tugas2/install/pubs_and_subs/share/pubs_and_subs/environment/ament_prefix_path.dsv
[7.655s] -- Up-to-date: /home/danscarryus/InternRos2/MagangBayu24-ROS2/tugas2/install/pubs_and_subs/share/pubs_and_subs/environment/path.sh
[7.655s] -- Up-to-date: /home/danscarryus/InternRos2/MagangBayu24-ROS2/tugas2/install/pubs_and_subs/share/pubs_and_subs/environment/path.dsv
[7.655s] -- Up-to-date: /home/danscarryus/InternRos2/MagangBayu24-ROS2/tugas2/install/pubs_and_subs/share/pubs_and_subs/local_setup.bash
[7.662s] -- Up-to-date: /home/danscarryus/InternRos2/MagangBayu24-ROS2/tugas2/install/pubs_and_subs/share/pubs_and_subs/local_setup.sh
[7.662s] -- Up-to-date: /home/danscarryus/InternRos2/MagangBayu24-ROS2/tugas2/install/pubs_and_subs/share/pubs_and_subs/local_setup.zsh
[7.662s] -- Up-to-date: /home/danscarryus/InternRos2/MagangBayu24-ROS2/tugas2/install/pubs_and_subs/share/pubs_and_subs/local_setup.dsv
[7.662s] -- Installing: /home/danscarryus/InternRos2/MagangBayu24-ROS2/tugas2/install/pubs_and_subs/share/pubs_and_subs/package.dsv
[7.666s] -- Up-to-date: /home/danscarryus/InternRos2/MagangBayu24-ROS2/tugas2/install/pubs_and_subs/share/ament_index/resource_index/packages/pubs_and_subs
[7.667s] -- Up-to-date: /home/danscarryus/InternRos2/MagangBayu24-ROS2/tugas2/install/pubs_and_subs/share/pubs_and_subs/cmake/pubs_and_subsConfig.cmake
[7.667s] -- Up-to-date: /home/danscarryus/InternRos2/MagangBayu24-ROS2/tugas2/install/pubs_and_subs/share/pubs_and_subs/cmake/pubs_and_subsConfig-version.cmake
[7.669s] -- Up-to-date: /home/danscarryus/InternRos2/MagangBayu24-ROS2/tugas2/install/pubs_and_subs/share/pubs_and_subs/package.xml
[7.676s] Invoked command in '/home/danscarryus/InternRos2/MagangBayu24-ROS2/tugas2/build/pubs_and_subs' returned '0': CMAKE_PREFIX_PATH=${CMAKE_PREFIX_PATH}:/opt/ros/foxy /usr/bin/cmake --install /home/danscarryus/InternRos2/MagangBayu24-ROS2/tugas2/build/pubs_and_subs
